22:01:13 **** Build of configuration Debug for project E07_04_wifi_uart_tcp_client_demo ****
amk -j20 all 
TASKING VX-toolset for AURIX Development Studio (non-commercial): program builder v1.1r8 Build 22011964
cctc -cs --dep-file="cpu0_main.d" --misrac-version=2004 -D__CPU__=tc26xb "-fD:/Infineon/E07_04_wifi_uart_tcp_client_demo/Debug/TASKING_C_C___Compiler-Include_paths__-I_.opt" --iso=99 --c++14 --language=+volatile --exceptions --anachronisms --fp-model=3 -O0 --tradeoff=4 --compact-max-size=200 -g -Wc-w544 -Wc-w557 -Ctc26xb -Y0 -N0 -Z0 -o "user/cpu0_main.src" "../user/cpu0_main.c"
cctc -cs --dep-file="cpu1_main.d" --misrac-version=2004 -D__CPU__=tc26xb "-fD:/Infineon/E07_04_wifi_uart_tcp_client_demo/Debug/TASKING_C_C___Compiler-Include_paths__-I_.opt" --iso=99 --c++14 --language=+volatile --exceptions --anachronisms --fp-model=3 -O0 --tradeoff=4 --compact-max-size=200 -g -Wc-w544 -Wc-w557 -Ctc26xb -Y0 -N0 -Z0 -o "user/cpu1_main.src" "../user/cpu1_main.c"
cctc -cs --dep-file="isr.d" --misrac-version=2004 -D__CPU__=tc26xb "-fD:/Infineon/E07_04_wifi_uart_tcp_client_demo/Debug/TASKING_C_C___Compiler-Include_paths__-I_.opt" --iso=99 --c++14 --language=+volatile --exceptions --anachronisms --fp-model=3 -O0 --tradeoff=4 --compact-max-size=200 -g -Wc-w544 -Wc-w557 -Ctc26xb -Y0 -N0 -Z0 -o "user/isr.src" "../user/isr.c"
cctc -cs --dep-file="zf_driver_adc.d" --misrac-version=2004 -D__CPU__=tc26xb "-fD:/Infineon/E07_04_wifi_uart_tcp_client_demo/Debug/TASKING_C_C___Compiler-Include_paths__-I_.opt" --iso=99 --c++14 --language=+volatile --exceptions --anachronisms --fp-model=3 -O0 --tradeoff=4 --compact-max-size=200 -g -Wc-w544 -Wc-w557 -Ctc26xb -Y0 -N0 -Z0 -o "libraries/zf_driver/zf_driver_adc.src" "../libraries/zf_driver/zf_driver_adc.c"
cctc -cs --dep-file="zf_driver_delay.d" --misrac-version=2004 -D__CPU__=tc26xb "-fD:/Infineon/E07_04_wifi_uart_tcp_client_demo/Debug/TASKING_C_C___Compiler-Include_paths__-I_.opt" --iso=99 --c++14 --language=+volatile --exceptions --anachronisms --fp-model=3 -O0 --tradeoff=4 --compact-max-size=200 -g -Wc-w544 -Wc-w557 -Ctc26xb -Y0 -N0 -Z0 -o "libraries/zf_driver/zf_driver_delay.src" "../libraries/zf_driver/zf_driver_delay.c"
cctc -cs --dep-file="zf_driver_dma.d" --misrac-version=2004 -D__CPU__=tc26xb "-fD:/Infineon/E07_04_wifi_uart_tcp_client_demo/Debug/TASKING_C_C___Compiler-Include_paths__-I_.opt" --iso=99 --c++14 --language=+volatile --exceptions --anachronisms --fp-model=3 -O0 --tradeoff=4 --compact-max-size=200 -g -Wc-w544 -Wc-w557 -Ctc26xb -Y0 -N0 -Z0 -o "libraries/zf_driver/zf_driver_dma.src" "../libraries/zf_driver/zf_driver_dma.c"
cctc -cs --dep-file="zf_driver_encoder.d" --misrac-version=2004 -D__CPU__=tc26xb "-fD:/Infineon/E07_04_wifi_uart_tcp_client_demo/Debug/TASKING_C_C___Compiler-Include_paths__-I_.opt" --iso=99 --c++14 --language=+volatile --exceptions --anachronisms --fp-model=3 -O0 --tradeoff=4 --compact-max-size=200 -g -Wc-w544 -Wc-w557 -Ctc26xb -Y0 -N0 -Z0 -o "libraries/zf_driver/zf_driver_encoder.src" "../libraries/zf_driver/zf_driver_encoder.c"
astc -Og -Os --no-warnings= --error-limit=42 -o  "user/cpu0_main.o" "user/cpu0_main.src"
astc -Og -Os --no-warnings= --error-limit=42 -o  "user/cpu1_main.o" "user/cpu1_main.src"
astc -Og -Os --no-warnings= --error-limit=42 -o  "user/isr.o" "user/isr.src"
astc -Og -Os --no-warnings= --error-limit=42 -o  "libraries/zf_driver/zf_driver_adc.o" "libraries/zf_driver/zf_driver_adc.src"
astc -Og -Os --no-warnings= --error-limit=42 -o  "libraries/zf_driver/zf_driver_delay.o" "libraries/zf_driver/zf_driver_delay.src"
astc -Og -Os --no-warnings= --error-limit=42 -o  "libraries/zf_driver/zf_driver_dma.o" "libraries/zf_driver/zf_driver_dma.src"
astc -Og -Os --no-warnings= --error-limit=42 -o  "libraries/zf_driver/zf_driver_encoder.o" "libraries/zf_driver/zf_driver_encoder.src"
cctc -cs --dep-file="zf_driver_exti.d" --misrac-version=2004 -D__CPU__=tc26xb "-fD:/Infineon/E07_04_wifi_uart_tcp_client_demo/Debug/TASKING_C_C___Compiler-Include_paths__-I_.opt" --iso=99 --c++14 --language=+volatile --exceptions --anachronisms --fp-model=3 -O0 --tradeoff=4 --compact-max-size=200 -g -Wc-w544 -Wc-w557 -Ctc26xb -Y0 -N0 -Z0 -o "libraries/zf_driver/zf_driver_exti.src" "../libraries/zf_driver/zf_driver_exti.c"
cctc -cs --dep-file="zf_driver_flash.d" --misrac-version=2004 -D__CPU__=tc26xb "-fD:/Infineon/E07_04_wifi_uart_tcp_client_demo/Debug/TASKING_C_C___Compiler-Include_paths__-I_.opt" --iso=99 --c++14 --language=+volatile --exceptions --anachronisms --fp-model=3 -O0 --tradeoff=4 --compact-max-size=200 -g -Wc-w544 -Wc-w557 -Ctc26xb -Y0 -N0 -Z0 -o "libraries/zf_driver/zf_driver_flash.src" "../libraries/zf_driver/zf_driver_flash.c"
cctc -cs --dep-file="zf_driver_gpio.d" --misrac-version=2004 -D__CPU__=tc26xb "-fD:/Infineon/E07_04_wifi_uart_tcp_client_demo/Debug/TASKING_C_C___Compiler-Include_paths__-I_.opt" --iso=99 --c++14 --language=+volatile --exceptions --anachronisms --fp-model=3 -O0 --tradeoff=4 --compact-max-size=200 -g -Wc-w544 -Wc-w557 -Ctc26xb -Y0 -N0 -Z0 -o "libraries/zf_driver/zf_driver_gpio.src" "../libraries/zf_driver/zf_driver_gpio.c"
astc -Og -Os --no-warnings= --error-limit=42 -o  "libraries/zf_driver/zf_driver_exti.o" "libraries/zf_driver/zf_driver_exti.src"
astc -Og -Os --no-warnings= --error-limit=42 -o  "libraries/zf_driver/zf_driver_flash.o" "libraries/zf_driver/zf_driver_flash.src"
astc -Og -Os --no-warnings= --error-limit=42 -o  "libraries/zf_driver/zf_driver_gpio.o" "libraries/zf_driver/zf_driver_gpio.src"
cctc -cs --dep-file="zf_driver_pit.d" --misrac-version=2004 -D__CPU__=tc26xb "-fD:/Infineon/E07_04_wifi_uart_tcp_client_demo/Debug/TASKING_C_C___Compiler-Include_paths__-I_.opt" --iso=99 --c++14 --language=+volatile --exceptions --anachronisms --fp-model=3 -O0 --tradeoff=4 --compact-max-size=200 -g -Wc-w544 -Wc-w557 -Ctc26xb -Y0 -N0 -Z0 -o "libraries/zf_driver/zf_driver_pit.src" "../libraries/zf_driver/zf_driver_pit.c"
cctc -cs --dep-file="zf_driver_pwm.d" --misrac-version=2004 -D__CPU__=tc26xb "-fD:/Infineon/E07_04_wifi_uart_tcp_client_demo/Debug/TASKING_C_C___Compiler-Include_paths__-I_.opt" --iso=99 --c++14 --language=+volatile --exceptions --anachronisms --fp-model=3 -O0 --tradeoff=4 --compact-max-size=200 -g -Wc-w544 -Wc-w557 -Ctc26xb -Y0 -N0 -Z0 -o "libraries/zf_driver/zf_driver_pwm.src" "../libraries/zf_driver/zf_driver_pwm.c"
cctc -cs --dep-file="zf_driver_soft_iic.d" --misrac-version=2004 -D__CPU__=tc26xb "-fD:/Infineon/E07_04_wifi_uart_tcp_client_demo/Debug/TASKING_C_C___Compiler-Include_paths__-I_.opt" --iso=99 --c++14 --language=+volatile --exceptions --anachronisms --fp-model=3 -O0 --tradeoff=4 --compact-max-size=200 -g -Wc-w544 -Wc-w557 -Ctc26xb -Y0 -N0 -Z0 -o "libraries/zf_driver/zf_driver_soft_iic.src" "../libraries/zf_driver/zf_driver_soft_iic.c"
astc -Og -Os --no-warnings= --error-limit=42 -o  "libraries/zf_driver/zf_driver_pit.o" "libraries/zf_driver/zf_driver_pit.src"
cctc -cs --dep-file="zf_driver_soft_spi.d" --misrac-version=2004 -D__CPU__=tc26xb "-fD:/Infineon/E07_04_wifi_uart_tcp_client_demo/Debug/TASKING_C_C___Compiler-Include_paths__-I_.opt" --iso=99 --c++14 --language=+volatile --exceptions --anachronisms --fp-model=3 -O0 --tradeoff=4 --compact-max-size=200 -g -Wc-w544 -Wc-w557 -Ctc26xb -Y0 -N0 -Z0 -o "libraries/zf_driver/zf_driver_soft_spi.src" "../libraries/zf_driver/zf_driver_soft_spi.c"
astc -Og -Os --no-warnings= --error-limit=42 -o  "libraries/zf_driver/zf_driver_pwm.o" "libraries/zf_driver/zf_driver_pwm.src"
astc -Og -Os --no-warnings= --error-limit=42 -o  "libraries/zf_driver/zf_driver_soft_iic.o" "libraries/zf_driver/zf_driver_soft_iic.src"
astc -Og -Os --no-warnings= --error-limit=42 -o  "libraries/zf_driver/zf_driver_soft_spi.o" "libraries/zf_driver/zf_driver_soft_spi.src"
cctc -cs --dep-file="zf_driver_spi.d" --misrac-version=2004 -D__CPU__=tc26xb "-fD:/Infineon/E07_04_wifi_uart_tcp_client_demo/Debug/TASKING_C_C___Compiler-Include_paths__-I_.opt" --iso=99 --c++14 --language=+volatile --exceptions --anachronisms --fp-model=3 -O0 --tradeoff=4 --compact-max-size=200 -g -Wc-w544 -Wc-w557 -Ctc26xb -Y0 -N0 -Z0 -o "libraries/zf_driver/zf_driver_spi.src" "../libraries/zf_driver/zf_driver_spi.c"
cctc -cs --dep-file="zf_driver_timer.d" --misrac-version=2004 -D__CPU__=tc26xb "-fD:/Infineon/E07_04_wifi_uart_tcp_client_demo/Debug/TASKING_C_C___Compiler-Include_paths__-I_.opt" --iso=99 --c++14 --language=+volatile --exceptions --anachronisms --fp-model=3 -O0 --tradeoff=4 --compact-max-size=200 -g -Wc-w544 -Wc-w557 -Ctc26xb -Y0 -N0 -Z0 -o "libraries/zf_driver/zf_driver_timer.src" "../libraries/zf_driver/zf_driver_timer.c"
cctc -cs --dep-file="zf_driver_uart.d" --misrac-version=2004 -D__CPU__=tc26xb "-fD:/Infineon/E07_04_wifi_uart_tcp_client_demo/Debug/TASKING_C_C___Compiler-Include_paths__-I_.opt" --iso=99 --c++14 --language=+volatile --exceptions --anachronisms --fp-model=3 -O0 --tradeoff=4 --compact-max-size=200 -g -Wc-w544 -Wc-w557 -Ctc26xb -Y0 -N0 -Z0 -o "libraries/zf_driver/zf_driver_uart.src" "../libraries/zf_driver/zf_driver_uart.c"
cctc -cs --dep-file="zf_device_absolute_encoder.d" --misrac-version=2004 -D__CPU__=tc26xb "-fD:/Infineon/E07_04_wifi_uart_tcp_client_demo/Debug/TASKING_C_C___Compiler-Include_paths__-I_.opt" --iso=99 --c++14 --language=+volatile --exceptions --anachronisms --fp-model=3 -O0 --tradeoff=4 --compact-max-size=200 -g -Wc-w544 -Wc-w557 -Ctc26xb -Y0 -N0 -Z0 -o "libraries/zf_device/zf_device_absolute_encoder.src" "../libraries/zf_device/zf_device_absolute_encoder.c"
astc -Og -Os --no-warnings= --error-limit=42 -o  "libraries/zf_driver/zf_driver_timer.o" "libraries/zf_driver/zf_driver_timer.src"
astc -Og -Os --no-warnings= --error-limit=42 -o  "libraries/zf_driver/zf_driver_spi.o" "libraries/zf_driver/zf_driver_spi.src"
astc -Og -Os --no-warnings= --error-limit=42 -o  "libraries/zf_driver/zf_driver_uart.o" "libraries/zf_driver/zf_driver_uart.src"
astc -Og -Os --no-warnings= --error-limit=42 -o  "libraries/zf_device/zf_device_absolute_encoder.o" "libraries/zf_device/zf_device_absolute_encoder.src"
cctc -cs --dep-file="zf_device_bluetooth_ch9141.d" --misrac-version=2004 -D__CPU__=tc26xb "-fD:/Infineon/E07_04_wifi_uart_tcp_client_demo/Debug/TASKING_C_C___Compiler-Include_paths__-I_.opt" --iso=99 --c++14 --language=+volatile --exceptions --anachronisms --fp-model=3 -O0 --tradeoff=4 --compact-max-size=200 -g -Wc-w544 -Wc-w557 -Ctc26xb -Y0 -N0 -Z0 -o "libraries/zf_device/zf_device_bluetooth_ch9141.src" "../libraries/zf_device/zf_device_bluetooth_ch9141.c"
cctc -cs --dep-file="zf_device_camera.d" --misrac-version=2004 -D__CPU__=tc26xb "-fD:/Infineon/E07_04_wifi_uart_tcp_client_demo/Debug/TASKING_C_C___Compiler-Include_paths__-I_.opt" --iso=99 --c++14 --language=+volatile --exceptions --anachronisms --fp-model=3 -O0 --tradeoff=4 --compact-max-size=200 -g -Wc-w544 -Wc-w557 -Ctc26xb -Y0 -N0 -Z0 -o "libraries/zf_device/zf_device_camera.src" "../libraries/zf_device/zf_device_camera.c"
cctc -cs --dep-file="zf_device_detector.d" --misrac-version=2004 -D__CPU__=tc26xb "-fD:/Infineon/E07_04_wifi_uart_tcp_client_demo/Debug/TASKING_C_C___Compiler-Include_paths__-I_.opt" --iso=99 --c++14 --language=+volatile --exceptions --anachronisms --fp-model=3 -O0 --tradeoff=4 --compact-max-size=200 -g -Wc-w544 -Wc-w557 -Ctc26xb -Y0 -N0 -Z0 -o "libraries/zf_device/zf_device_detector.src" "../libraries/zf_device/zf_device_detector.c"
astc -Og -Os --no-warnings= --error-limit=42 -o  "libraries/zf_device/zf_device_bluetooth_ch9141.o" "libraries/zf_device/zf_device_bluetooth_ch9141.src"
astc -Og -Os --no-warnings= --error-limit=42 -o  "libraries/zf_device/zf_device_camera.o" "libraries/zf_device/zf_device_camera.src"
cctc -cs --dep-file="zf_device_dl1a.d" --misrac-version=2004 -D__CPU__=tc26xb "-fD:/Infineon/E07_04_wifi_uart_tcp_client_demo/Debug/TASKING_C_C___Compiler-Include_paths__-I_.opt" --iso=99 --c++14 --language=+volatile --exceptions --anachronisms --fp-model=3 -O0 --tradeoff=4 --compact-max-size=200 -g -Wc-w544 -Wc-w557 -Ctc26xb -Y0 -N0 -Z0 -o "libraries/zf_device/zf_device_dl1a.src" "../libraries/zf_device/zf_device_dl1a.c"
astc -Og -Os --no-warnings= --error-limit=42 -o  "libraries/zf_device/zf_device_detector.o" "libraries/zf_device/zf_device_detector.src"
cctc -cs --dep-file="zf_device_dl1b.d" --misrac-version=2004 -D__CPU__=tc26xb "-fD:/Infineon/E07_04_wifi_uart_tcp_client_demo/Debug/TASKING_C_C___Compiler-Include_paths__-I_.opt" --iso=99 --c++14 --language=+volatile --exceptions --anachronisms --fp-model=3 -O0 --tradeoff=4 --compact-max-size=200 -g -Wc-w544 -Wc-w557 -Ctc26xb -Y0 -N0 -Z0 -o "libraries/zf_device/zf_device_dl1b.src" "../libraries/zf_device/zf_device_dl1b.c"
cctc -cs --dep-file="zf_device_gps_tau1201.d" --misrac-version=2004 -D__CPU__=tc26xb "-fD:/Infineon/E07_04_wifi_uart_tcp_client_demo/Debug/TASKING_C_C___Compiler-Include_paths__-I_.opt" --iso=99 --c++14 --language=+volatile --exceptions --anachronisms --fp-model=3 -O0 --tradeoff=4 --compact-max-size=200 -g -Wc-w544 -Wc-w557 -Ctc26xb -Y0 -N0 -Z0 -o "libraries/zf_device/zf_device_gps_tau1201.src" "../libraries/zf_device/zf_device_gps_tau1201.c"
astc -Og -Os --no-warnings= --error-limit=42 -o  "libraries/zf_device/zf_device_dl1a.o" "libraries/zf_device/zf_device_dl1a.src"
astc -Og -Os --no-warnings= --error-limit=42 -o  "libraries/zf_device/zf_device_dl1b.o" "libraries/zf_device/zf_device_dl1b.src"
cctc -cs --dep-file="zf_device_icm20602.d" --misrac-version=2004 -D__CPU__=tc26xb "-fD:/Infineon/E07_04_wifi_uart_tcp_client_demo/Debug/TASKING_C_C___Compiler-Include_paths__-I_.opt" --iso=99 --c++14 --language=+volatile --exceptions --anachronisms --fp-model=3 -O0 --tradeoff=4 --compact-max-size=200 -g -Wc-w544 -Wc-w557 -Ctc26xb -Y0 -N0 -Z0 -o "libraries/zf_device/zf_device_icm20602.src" "../libraries/zf_device/zf_device_icm20602.c"
astc -Og -Os --no-warnings= --error-limit=42 -o  "libraries/zf_device/zf_device_gps_tau1201.o" "libraries/zf_device/zf_device_gps_tau1201.src"
cctc -cs --dep-file="zf_device_imu660ra.d" --misrac-version=2004 -D__CPU__=tc26xb "-fD:/Infineon/E07_04_wifi_uart_tcp_client_demo/Debug/TASKING_C_C___Compiler-Include_paths__-I_.opt" --iso=99 --c++14 --language=+volatile --exceptions --anachronisms --fp-model=3 -O0 --tradeoff=4 --compact-max-size=200 -g -Wc-w544 -Wc-w557 -Ctc26xb -Y0 -N0 -Z0 -o "libraries/zf_device/zf_device_imu660ra.src" "../libraries/zf_device/zf_device_imu660ra.c"
astc -Og -Os --no-warnings= --error-limit=42 -o  "libraries/zf_device/zf_device_icm20602.o" "libraries/zf_device/zf_device_icm20602.src"
cctc -cs --dep-file="zf_device_imu963ra.d" --misrac-version=2004 -D__CPU__=tc26xb "-fD:/Infineon/E07_04_wifi_uart_tcp_client_demo/Debug/TASKING_C_C___Compiler-Include_paths__-I_.opt" --iso=99 --c++14 --language=+volatile --exceptions --anachronisms --fp-model=3 -O0 --tradeoff=4 --compact-max-size=200 -g -Wc-w544 -Wc-w557 -Ctc26xb -Y0 -N0 -Z0 -o "libraries/zf_device/zf_device_imu963ra.src" "../libraries/zf_device/zf_device_imu963ra.c"
astc -Og -Os --no-warnings= --error-limit=42 -o  "libraries/zf_device/zf_device_imu660ra.o" "libraries/zf_device/zf_device_imu660ra.src"
cctc -cs --dep-file="zf_device_ips114.d" --misrac-version=2004 -D__CPU__=tc26xb "-fD:/Infineon/E07_04_wifi_uart_tcp_client_demo/Debug/TASKING_C_C___Compiler-Include_paths__-I_.opt" --iso=99 --c++14 --language=+volatile --exceptions --anachronisms --fp-model=3 -O0 --tradeoff=4 --compact-max-size=200 -g -Wc-w544 -Wc-w557 -Ctc26xb -Y0 -N0 -Z0 -o "libraries/zf_device/zf_device_ips114.src" "../libraries/zf_device/zf_device_ips114.c"
astc -Og -Os --no-warnings= --error-limit=42 -o  "libraries/zf_device/zf_device_imu963ra.o" "libraries/zf_device/zf_device_imu963ra.src"
cctc -cs --dep-file="zf_device_ips200.d" --misrac-version=2004 -D__CPU__=tc26xb "-fD:/Infineon/E07_04_wifi_uart_tcp_client_demo/Debug/TASKING_C_C___Compiler-Include_paths__-I_.opt" --iso=99 --c++14 --language=+volatile --exceptions --anachronisms --fp-model=3 -O0 --tradeoff=4 --compact-max-size=200 -g -Wc-w544 -Wc-w557 -Ctc26xb -Y0 -N0 -Z0 -o "libraries/zf_device/zf_device_ips200.src" "../libraries/zf_device/zf_device_ips200.c"
cctc -cs --dep-file="zf_device_key.d" --misrac-version=2004 -D__CPU__=tc26xb "-fD:/Infineon/E07_04_wifi_uart_tcp_client_demo/Debug/TASKING_C_C___Compiler-Include_paths__-I_.opt" --iso=99 --c++14 --language=+volatile --exceptions --anachronisms --fp-model=3 -O0 --tradeoff=4 --compact-max-size=200 -g -Wc-w544 -Wc-w557 -Ctc26xb -Y0 -N0 -Z0 -o "libraries/zf_device/zf_device_key.src" "../libraries/zf_device/zf_device_key.c"
astc -Og -Os --no-warnings= --error-limit=42 -o  "libraries/zf_device/zf_device_ips114.o" "libraries/zf_device/zf_device_ips114.src"
cctc -cs --dep-file="zf_device_mpu6050.d" --misrac-version=2004 -D__CPU__=tc26xb "-fD:/Infineon/E07_04_wifi_uart_tcp_client_demo/Debug/TASKING_C_C___Compiler-Include_paths__-I_.opt" --iso=99 --c++14 --language=+volatile --exceptions --anachronisms --fp-model=3 -O0 --tradeoff=4 --compact-max-size=200 -g -Wc-w544 -Wc-w557 -Ctc26xb -Y0 -N0 -Z0 -o "libraries/zf_device/zf_device_mpu6050.src" "../libraries/zf_device/zf_device_mpu6050.c"
astc -Og -Os --no-warnings= --error-limit=42 -o  "libraries/zf_device/zf_device_ips200.o" "libraries/zf_device/zf_device_ips200.src"
astc -Og -Os --no-warnings= --error-limit=42 -o  "libraries/zf_device/zf_device_key.o" "libraries/zf_device/zf_device_key.src"
astc -Og -Os --no-warnings= --error-limit=42 -o  "libraries/zf_device/zf_device_mpu6050.o" "libraries/zf_device/zf_device_mpu6050.src"
cctc -cs --dep-file="zf_device_mt9v03x.d" --misrac-version=2004 -D__CPU__=tc26xb "-fD:/Infineon/E07_04_wifi_uart_tcp_client_demo/Debug/TASKING_C_C___Compiler-Include_paths__-I_.opt" --iso=99 --c++14 --language=+volatile --exceptions --anachronisms --fp-model=3 -O0 --tradeoff=4 --compact-max-size=200 -g -Wc-w544 -Wc-w557 -Ctc26xb -Y0 -N0 -Z0 -o "libraries/zf_device/zf_device_mt9v03x.src" "../libraries/zf_device/zf_device_mt9v03x.c"
cctc -cs --dep-file="zf_device_oled.d" --misrac-version=2004 -D__CPU__=tc26xb "-fD:/Infineon/E07_04_wifi_uart_tcp_client_demo/Debug/TASKING_C_C___Compiler-Include_paths__-I_.opt" --iso=99 --c++14 --language=+volatile --exceptions --anachronisms --fp-model=3 -O0 --tradeoff=4 --compact-max-size=200 -g -Wc-w544 -Wc-w557 -Ctc26xb -Y0 -N0 -Z0 -o "libraries/zf_device/zf_device_oled.src" "../libraries/zf_device/zf_device_oled.c"
cctc -cs --dep-file="zf_device_ov7725.d" --misrac-version=2004 -D__CPU__=tc26xb "-fD:/Infineon/E07_04_wifi_uart_tcp_client_demo/Debug/TASKING_C_C___Compiler-Include_paths__-I_.opt" --iso=99 --c++14 --language=+volatile --exceptions --anachronisms --fp-model=3 -O0 --tradeoff=4 --compact-max-size=200 -g -Wc-w544 -Wc-w557 -Ctc26xb -Y0 -N0 -Z0 -o "libraries/zf_device/zf_device_ov7725.src" "../libraries/zf_device/zf_device_ov7725.c"
cctc -cs --dep-file="zf_device_scc8660.d" --misrac-version=2004 -D__CPU__=tc26xb "-fD:/Infineon/E07_04_wifi_uart_tcp_client_demo/Debug/TASKING_C_C___Compiler-Include_paths__-I_.opt" --iso=99 --c++14 --language=+volatile --exceptions --anachronisms --fp-model=3 -O0 --tradeoff=4 --compact-max-size=200 -g -Wc-w544 -Wc-w557 -Ctc26xb -Y0 -N0 -Z0 -o "libraries/zf_device/zf_device_scc8660.src" "../libraries/zf_device/zf_device_scc8660.c"
astc -Og -Os --no-warnings= --error-limit=42 -o  "libraries/zf_device/zf_device_mt9v03x.o" "libraries/zf_device/zf_device_mt9v03x.src"
astc -Og -Os --no-warnings= --error-limit=42 -o  "libraries/zf_device/zf_device_oled.o" "libraries/zf_device/zf_device_oled.src"
astc -Og -Os --no-warnings= --error-limit=42 -o  "libraries/zf_device/zf_device_ov7725.o" "libraries/zf_device/zf_device_ov7725.src"
astc -Og -Os --no-warnings= --error-limit=42 -o  "libraries/zf_device/zf_device_scc8660.o" "libraries/zf_device/zf_device_scc8660.src"
cctc -cs --dep-file="zf_device_tft180.d" --misrac-version=2004 -D__CPU__=tc26xb "-fD:/Infineon/E07_04_wifi_uart_tcp_client_demo/Debug/TASKING_C_C___Compiler-Include_paths__-I_.opt" --iso=99 --c++14 --language=+volatile --exceptions --anachronisms --fp-model=3 -O0 --tradeoff=4 --compact-max-size=200 -g -Wc-w544 -Wc-w557 -Ctc26xb -Y0 -N0 -Z0 -o "libraries/zf_device/zf_device_tft180.src" "../libraries/zf_device/zf_device_tft180.c"
cctc -cs --dep-file="zf_device_tsl1401.d" --misrac-version=2004 -D__CPU__=tc26xb "-fD:/Infineon/E07_04_wifi_uart_tcp_client_demo/Debug/TASKING_C_C___Compiler-Include_paths__-I_.opt" --iso=99 --c++14 --language=+volatile --exceptions --anachronisms --fp-model=3 -O0 --tradeoff=4 --compact-max-size=200 -g -Wc-w544 -Wc-w557 -Ctc26xb -Y0 -N0 -Z0 -o "libraries/zf_device/zf_device_tsl1401.src" "../libraries/zf_device/zf_device_tsl1401.c"
cctc -cs --dep-file="zf_device_type.d" --misrac-version=2004 -D__CPU__=tc26xb "-fD:/Infineon/E07_04_wifi_uart_tcp_client_demo/Debug/TASKING_C_C___Compiler-Include_paths__-I_.opt" --iso=99 --c++14 --language=+volatile --exceptions --anachronisms --fp-model=3 -O0 --tradeoff=4 --compact-max-size=200 -g -Wc-w544 -Wc-w557 -Ctc26xb -Y0 -N0 -Z0 -o "libraries/zf_device/zf_device_type.src" "../libraries/zf_device/zf_device_type.c"
cctc -cs --dep-file="zf_device_virtual_oscilloscope.d" --misrac-version=2004 -D__CPU__=tc26xb "-fD:/Infineon/E07_04_wifi_uart_tcp_client_demo/Debug/TASKING_C_C___Compiler-Include_paths__-I_.opt" --iso=99 --c++14 --language=+volatile --exceptions --anachronisms --fp-model=3 -O0 --tradeoff=4 --compact-max-size=200 -g -Wc-w544 -Wc-w557 -Ctc26xb -Y0 -N0 -Z0 -o "libraries/zf_device/zf_device_virtual_oscilloscope.src" "../libraries/zf_device/zf_device_virtual_oscilloscope.c"
astc -Og -Os --no-warnings= --error-limit=42 -o  "libraries/zf_device/zf_device_tft180.o" "libraries/zf_device/zf_device_tft180.src"
astc -Og -Os --no-warnings= --error-limit=42 -o  "libraries/zf_device/zf_device_tsl1401.o" "libraries/zf_device/zf_device_tsl1401.src"
astc -Og -Os --no-warnings= --error-limit=42 -o  "libraries/zf_device/zf_device_type.o" "libraries/zf_device/zf_device_type.src"
astc -Og -Os --no-warnings= --error-limit=42 -o  "libraries/zf_device/zf_device_virtual_oscilloscope.o" "libraries/zf_device/zf_device_virtual_oscilloscope.src"
cctc -cs --dep-file="zf_device_wifi_spi.d" --misrac-version=2004 -D__CPU__=tc26xb "-fD:/Infineon/E07_04_wifi_uart_tcp_client_demo/Debug/TASKING_C_C___Compiler-Include_paths__-I_.opt" --iso=99 --c++14 --language=+volatile --exceptions --anachronisms --fp-model=3 -O0 --tradeoff=4 --compact-max-size=200 -g -Wc-w544 -Wc-w557 -Ctc26xb -Y0 -N0 -Z0 -o "libraries/zf_device/zf_device_wifi_spi.src" "../libraries/zf_device/zf_device_wifi_spi.c"
cctc -cs --dep-file="zf_device_wifi_uart.d" --misrac-version=2004 -D__CPU__=tc26xb "-fD:/Infineon/E07_04_wifi_uart_tcp_client_demo/Debug/TASKING_C_C___Compiler-Include_paths__-I_.opt" --iso=99 --c++14 --language=+volatile --exceptions --anachronisms --fp-model=3 -O0 --tradeoff=4 --compact-max-size=200 -g -Wc-w544 -Wc-w557 -Ctc26xb -Y0 -N0 -Z0 -o "libraries/zf_device/zf_device_wifi_uart.src" "../libraries/zf_device/zf_device_wifi_uart.c"
cctc -cs --dep-file="zf_device_wireless_uart.d" --misrac-version=2004 -D__CPU__=tc26xb "-fD:/Infineon/E07_04_wifi_uart_tcp_client_demo/Debug/TASKING_C_C___Compiler-Include_paths__-I_.opt" --iso=99 --c++14 --language=+volatile --exceptions --anachronisms --fp-model=3 -O0 --tradeoff=4 --compact-max-size=200 -g -Wc-w544 -Wc-w557 -Ctc26xb -Y0 -N0 -Z0 -o "libraries/zf_device/zf_device_wireless_uart.src" "../libraries/zf_device/zf_device_wireless_uart.c"
cctc -cs --dep-file="zf_common_clock.d" --misrac-version=2004 -D__CPU__=tc26xb "-fD:/Infineon/E07_04_wifi_uart_tcp_client_demo/Debug/TASKING_C_C___Compiler-Include_paths__-I_.opt" --iso=99 --c++14 --language=+volatile --exceptions --anachronisms --fp-model=3 -O0 --tradeoff=4 --compact-max-size=200 -g -Wc-w544 -Wc-w557 -Ctc26xb -Y0 -N0 -Z0 -o "libraries/zf_common/zf_common_clock.src" "../libraries/zf_common/zf_common_clock.c"
astc -Og -Os --no-warnings= --error-limit=42 -o  "libraries/zf_device/zf_device_wifi_spi.o" "libraries/zf_device/zf_device_wifi_spi.src"
astc -Og -Os --no-warnings= --error-limit=42 -o  "libraries/zf_device/zf_device_wifi_uart.o" "libraries/zf_device/zf_device_wifi_uart.src"
astc -Og -Os --no-warnings= --error-limit=42 -o  "libraries/zf_device/zf_device_wireless_uart.o" "libraries/zf_device/zf_device_wireless_uart.src"
astc -Og -Os --no-warnings= --error-limit=42 -o  "libraries/zf_common/zf_common_clock.o" "libraries/zf_common/zf_common_clock.src"
cctc -cs --dep-file="zf_common_debug.d" --misrac-version=2004 -D__CPU__=tc26xb "-fD:/Infineon/E07_04_wifi_uart_tcp_client_demo/Debug/TASKING_C_C___Compiler-Include_paths__-I_.opt" --iso=99 --c++14 --language=+volatile --exceptions --anachronisms --fp-model=3 -O0 --tradeoff=4 --compact-max-size=200 -g -Wc-w544 -Wc-w557 -Ctc26xb -Y0 -N0 -Z0 -o "libraries/zf_common/zf_common_debug.src" "../libraries/zf_common/zf_common_debug.c"
cctc -cs --dep-file="zf_common_fifo.d" --misrac-version=2004 -D__CPU__=tc26xb "-fD:/Infineon/E07_04_wifi_uart_tcp_client_demo/Debug/TASKING_C_C___Compiler-Include_paths__-I_.opt" --iso=99 --c++14 --language=+volatile --exceptions --anachronisms --fp-model=3 -O0 --tradeoff=4 --compact-max-size=200 -g -Wc-w544 -Wc-w557 -Ctc26xb -Y0 -N0 -Z0 -o "libraries/zf_common/zf_common_fifo.src" "../libraries/zf_common/zf_common_fifo.c"
cctc -cs --dep-file="zf_common_font.d" --misrac-version=2004 -D__CPU__=tc26xb "-fD:/Infineon/E07_04_wifi_uart_tcp_client_demo/Debug/TASKING_C_C___Compiler-Include_paths__-I_.opt" --iso=99 --c++14 --language=+volatile --exceptions --anachronisms --fp-model=3 -O0 --tradeoff=4 --compact-max-size=200 -g -Wc-w544 -Wc-w557 -Ctc26xb -Y0 -N0 -Z0 -o "libraries/zf_common/zf_common_font.src" "../libraries/zf_common/zf_common_font.c"
astc -Og -Os --no-warnings= --error-limit=42 -o  "libraries/zf_common/zf_common_debug.o" "libraries/zf_common/zf_common_debug.src"
astc -Og -Os --no-warnings= --error-limit=42 -o  "libraries/zf_common/zf_common_fifo.o" "libraries/zf_common/zf_common_fifo.src"
cctc -cs --dep-file="zf_common_function.d" --misrac-version=2004 -D__CPU__=tc26xb "-fD:/Infineon/E07_04_wifi_uart_tcp_client_demo/Debug/TASKING_C_C___Compiler-Include_paths__-I_.opt" --iso=99 --c++14 --language=+volatile --exceptions --anachronisms --fp-model=3 -O0 --tradeoff=4 --compact-max-size=200 -g -Wc-w544 -Wc-w557 -Ctc26xb -Y0 -N0 -Z0 -o "libraries/zf_common/zf_common_function.src" "../libraries/zf_common/zf_common_function.c"
astc -Og -Os --no-warnings= --error-limit=42 -o  "libraries/zf_common/zf_common_font.o" "libraries/zf_common/zf_common_font.src"
cctc -cs --dep-file="zf_common_interrupt.d" --misrac-version=2004 -D__CPU__=tc26xb "-fD:/Infineon/E07_04_wifi_uart_tcp_client_demo/Debug/TASKING_C_C___Compiler-Include_paths__-I_.opt" --iso=99 --c++14 --language=+volatile --exceptions --anachronisms --fp-model=3 -O0 --tradeoff=4 --compact-max-size=200 -g -Wc-w544 -Wc-w557 -Ctc26xb -Y0 -N0 -Z0 -o "libraries/zf_common/zf_common_interrupt.src" "../libraries/zf_common/zf_common_interrupt.c"
astc -Og -Os --no-warnings= --error-limit=42 -o  "libraries/zf_common/zf_common_function.o" "libraries/zf_common/zf_common_function.src"
cctc -cs --dep-file="IfxAsclin_PinMap.d" --misrac-version=2004 -D__CPU__=tc26xb "-fD:/Infineon/E07_04_wifi_uart_tcp_client_demo/Debug/TASKING_C_C___Compiler-Include_paths__-I_.opt" --iso=99 --c++14 --language=+volatile --exceptions --anachronisms --fp-model=3 -O0 --tradeoff=4 --compact-max-size=200 -g -Wc-w544 -Wc-w557 -Ctc26xb -Y0 -N0 -Z0 -o "libraries/infineon_libraries/iLLD/TC26B/Tricore/_PinMap/IfxAsclin_PinMap.src" "../libraries/infineon_libraries/iLLD/TC26B/Tricore/_PinMap/IfxAsclin_PinMap.c"
astc -Og -Os --no-warnings= --error-limit=42 -o  "libraries/zf_common/zf_common_interrupt.o" "libraries/zf_common/zf_common_interrupt.src"
cctc -cs --dep-file="IfxCcu6_PinMap.d" --misrac-version=2004 -D__CPU__=tc26xb "-fD:/Infineon/E07_04_wifi_uart_tcp_client_demo/Debug/TASKING_C_C___Compiler-Include_paths__-I_.opt" --iso=99 --c++14 --language=+volatile --exceptions --anachronisms --fp-model=3 -O0 --tradeoff=4 --compact-max-size=200 -g -Wc-w544 -Wc-w557 -Ctc26xb -Y0 -N0 -Z0 -o "libraries/infineon_libraries/iLLD/TC26B/Tricore/_PinMap/IfxCcu6_PinMap.src" "../libraries/infineon_libraries/iLLD/TC26B/Tricore/_PinMap/IfxCcu6_PinMap.c"
astc -Og -Os --no-warnings= --error-limit=42 -o  "libraries/infineon_libraries/iLLD/TC26B/Tricore/_PinMap/IfxAsclin_PinMap.o" "libraries/infineon_libraries/iLLD/TC26B/Tricore/_PinMap/IfxAsclin_PinMap.src"
cctc -cs --dep-file="IfxCif_PinMap.d" --misrac-version=2004 -D__CPU__=tc26xb "-fD:/Infineon/E07_04_wifi_uart_tcp_client_demo/Debug/TASKING_C_C___Compiler-Include_paths__-I_.opt" --iso=99 --c++14 --language=+volatile --exceptions --anachronisms --fp-model=3 -O0 --tradeoff=4 --compact-max-size=200 -g -Wc-w544 -Wc-w557 -Ctc26xb -Y0 -N0 -Z0 -o "libraries/infineon_libraries/iLLD/TC26B/Tricore/_PinMap/IfxCif_PinMap.src" "../libraries/infineon_libraries/iLLD/TC26B/Tricore/_PinMap/IfxCif_PinMap.c"
astc -Og -Os --no-warnings= --error-limit=42 -o  "libraries/infineon_libraries/iLLD/TC26B/Tricore/_PinMap/IfxCcu6_PinMap.o" "libraries/infineon_libraries/iLLD/TC26B/Tricore/_PinMap/IfxCcu6_PinMap.src"
cctc -cs --dep-file="IfxDsadc_PinMap.d" --misrac-version=2004 -D__CPU__=tc26xb "-fD:/Infineon/E07_04_wifi_uart_tcp_client_demo/Debug/TASKING_C_C___Compiler-Include_paths__-I_.opt" --iso=99 --c++14 --language=+volatile --exceptions --anachronisms --fp-model=3 -O0 --tradeoff=4 --compact-max-size=200 -g -Wc-w544 -Wc-w557 -Ctc26xb -Y0 -N0 -Z0 -o "libraries/infineon_libraries/iLLD/TC26B/Tricore/_PinMap/IfxDsadc_PinMap.src" "../libraries/infineon_libraries/iLLD/TC26B/Tricore/_PinMap/IfxDsadc_PinMap.c"
astc -Og -Os --no-warnings= --error-limit=42 -o  "libraries/infineon_libraries/iLLD/TC26B/Tricore/_PinMap/IfxCif_PinMap.o" "libraries/infineon_libraries/iLLD/TC26B/Tricore/_PinMap/IfxCif_PinMap.src"
cctc -cs --dep-file="IfxEray_PinMap.d" --misrac-version=2004 -D__CPU__=tc26xb "-fD:/Infineon/E07_04_wifi_uart_tcp_client_demo/Debug/TASKING_C_C___Compiler-Include_paths__-I_.opt" --iso=99 --c++14 --language=+volatile --exceptions --anachronisms --fp-model=3 -O0 --tradeoff=4 --compact-max-size=200 -g -Wc-w544 -Wc-w557 -Ctc26xb -Y0 -N0 -Z0 -o "libraries/infineon_libraries/iLLD/TC26B/Tricore/_PinMap/IfxEray_PinMap.src" "../libraries/infineon_libraries/iLLD/TC26B/Tricore/_PinMap/IfxEray_PinMap.c"
cctc -cs --dep-file="IfxEth_PinMap.d" --misrac-version=2004 -D__CPU__=tc26xb "-fD:/Infineon/E07_04_wifi_uart_tcp_client_demo/Debug/TASKING_C_C___Compiler-Include_paths__-I_.opt" --iso=99 --c++14 --language=+volatile --exceptions --anachronisms --fp-model=3 -O0 --tradeoff=4 --compact-max-size=200 -g -Wc-w544 -Wc-w557 -Ctc26xb -Y0 -N0 -Z0 -o "libraries/infineon_libraries/iLLD/TC26B/Tricore/_PinMap/IfxEth_PinMap.src" "../libraries/infineon_libraries/iLLD/TC26B/Tricore/_PinMap/IfxEth_PinMap.c"
astc -Og -Os --no-warnings= --error-limit=42 -o  "libraries/infineon_libraries/iLLD/TC26B/Tricore/_PinMap/IfxDsadc_PinMap.o" "libraries/infineon_libraries/iLLD/TC26B/Tricore/_PinMap/IfxDsadc_PinMap.src"
astc -Og -Os --no-warnings= --error-limit=42 -o  "libraries/infineon_libraries/iLLD/TC26B/Tricore/_PinMap/IfxEray_PinMap.o" "libraries/infineon_libraries/iLLD/TC26B/Tricore/_PinMap/IfxEray_PinMap.src"
cctc -cs --dep-file="IfxGpt12_PinMap.d" --misrac-version=2004 -D__CPU__=tc26xb "-fD:/Infineon/E07_04_wifi_uart_tcp_client_demo/Debug/TASKING_C_C___Compiler-Include_paths__-I_.opt" --iso=99 --c++14 --language=+volatile --exceptions --anachronisms --fp-model=3 -O0 --tradeoff=4 --compact-max-size=200 -g -Wc-w544 -Wc-w557 -Ctc26xb -Y0 -N0 -Z0 -o "libraries/infineon_libraries/iLLD/TC26B/Tricore/_PinMap/IfxGpt12_PinMap.src" "../libraries/infineon_libraries/iLLD/TC26B/Tricore/_PinMap/IfxGpt12_PinMap.c"
astc -Og -Os --no-warnings= --error-limit=42 -o  "libraries/infineon_libraries/iLLD/TC26B/Tricore/_PinMap/IfxEth_PinMap.o" "libraries/infineon_libraries/iLLD/TC26B/Tricore/_PinMap/IfxEth_PinMap.src"
cctc -cs --dep-file="IfxGtm_PinMap.d" --misrac-version=2004 -D__CPU__=tc26xb "-fD:/Infineon/E07_04_wifi_uart_tcp_client_demo/Debug/TASKING_C_C___Compiler-Include_paths__-I_.opt" --iso=99 --c++14 --language=+volatile --exceptions --anachronisms --fp-model=3 -O0 --tradeoff=4 --compact-max-size=200 -g -Wc-w544 -Wc-w557 -Ctc26xb -Y0 -N0 -Z0 -o "libraries/infineon_libraries/iLLD/TC26B/Tricore/_PinMap/IfxGtm_PinMap.src" "../libraries/infineon_libraries/iLLD/TC26B/Tricore/_PinMap/IfxGtm_PinMap.c"
astc -Og -Os --no-warnings= --error-limit=42 -o  "libraries/infineon_libraries/iLLD/TC26B/Tricore/_PinMap/IfxGpt12_PinMap.o" "libraries/infineon_libraries/iLLD/TC26B/Tricore/_PinMap/IfxGpt12_PinMap.src"
cctc -cs --dep-file="IfxI2c_PinMap.d" --misrac-version=2004 -D__CPU__=tc26xb "-fD:/Infineon/E07_04_wifi_uart_tcp_client_demo/Debug/TASKING_C_C___Compiler-Include_paths__-I_.opt" --iso=99 --c++14 --language=+volatile --exceptions --anachronisms --fp-model=3 -O0 --tradeoff=4 --compact-max-size=200 -g -Wc-w544 -Wc-w557 -Ctc26xb -Y0 -N0 -Z0 -o "libraries/infineon_libraries/iLLD/TC26B/Tricore/_PinMap/IfxI2c_PinMap.src" "../libraries/infineon_libraries/iLLD/TC26B/Tricore/_PinMap/IfxI2c_PinMap.c"
cctc -cs --dep-file="IfxMsc_PinMap.d" --misrac-version=2004 -D__CPU__=tc26xb "-fD:/Infineon/E07_04_wifi_uart_tcp_client_demo/Debug/TASKING_C_C___Compiler-Include_paths__-I_.opt" --iso=99 --c++14 --language=+volatile --exceptions --anachronisms --fp-model=3 -O0 --tradeoff=4 --compact-max-size=200 -g -Wc-w544 -Wc-w557 -Ctc26xb -Y0 -N0 -Z0 -o "libraries/infineon_libraries/iLLD/TC26B/Tricore/_PinMap/IfxMsc_PinMap.src" "../libraries/infineon_libraries/iLLD/TC26B/Tricore/_PinMap/IfxMsc_PinMap.c"
astc -Og -Os --no-warnings= --error-limit=42 -o  "libraries/infineon_libraries/iLLD/TC26B/Tricore/_PinMap/IfxGtm_PinMap.o" "libraries/infineon_libraries/iLLD/TC26B/Tricore/_PinMap/IfxGtm_PinMap.src"
astc -Og -Os --no-warnings= --error-limit=42 -o  "libraries/infineon_libraries/iLLD/TC26B/Tricore/_PinMap/IfxI2c_PinMap.o" "libraries/infineon_libraries/iLLD/TC26B/Tricore/_PinMap/IfxI2c_PinMap.src"
astc -Og -Os --no-warnings= --error-limit=42 -o  "libraries/infineon_libraries/iLLD/TC26B/Tricore/_PinMap/IfxMsc_PinMap.o" "libraries/infineon_libraries/iLLD/TC26B/Tricore/_PinMap/IfxMsc_PinMap.src"
cctc -cs --dep-file="IfxMultican_PinMap.d" --misrac-version=2004 -D__CPU__=tc26xb "-fD:/Infineon/E07_04_wifi_uart_tcp_client_demo/Debug/TASKING_C_C___Compiler-Include_paths__-I_.opt" --iso=99 --c++14 --language=+volatile --exceptions --anachronisms --fp-model=3 -O0 --tradeoff=4 --compact-max-size=200 -g -Wc-w544 -Wc-w557 -Ctc26xb -Y0 -N0 -Z0 -o "libraries/infineon_libraries/iLLD/TC26B/Tricore/_PinMap/IfxMultican_PinMap.src" "../libraries/infineon_libraries/iLLD/TC26B/Tricore/_PinMap/IfxMultican_PinMap.c"
cctc -cs --dep-file="IfxPort_PinMap.d" --misrac-version=2004 -D__CPU__=tc26xb "-fD:/Infineon/E07_04_wifi_uart_tcp_client_demo/Debug/TASKING_C_C___Compiler-Include_paths__-I_.opt" --iso=99 --c++14 --language=+volatile --exceptions --anachronisms --fp-model=3 -O0 --tradeoff=4 --compact-max-size=200 -g -Wc-w544 -Wc-w557 -Ctc26xb -Y0 -N0 -Z0 -o "libraries/infineon_libraries/iLLD/TC26B/Tricore/_PinMap/IfxPort_PinMap.src" "../libraries/infineon_libraries/iLLD/TC26B/Tricore/_PinMap/IfxPort_PinMap.c"
cctc -cs --dep-file="IfxPsi5_PinMap.d" --misrac-version=2004 -D__CPU__=tc26xb "-fD:/Infineon/E07_04_wifi_uart_tcp_client_demo/Debug/TASKING_C_C___Compiler-Include_paths__-I_.opt" --iso=99 --c++14 --language=+volatile --exceptions --anachronisms --fp-model=3 -O0 --tradeoff=4 --compact-max-size=200 -g -Wc-w544 -Wc-w557 -Ctc26xb -Y0 -N0 -Z0 -o "libraries/infineon_libraries/iLLD/TC26B/Tricore/_PinMap/IfxPsi5_PinMap.src" "../libraries/infineon_libraries/iLLD/TC26B/Tricore/_PinMap/IfxPsi5_PinMap.c"
astc -Og -Os --no-warnings= --error-limit=42 -o  "libraries/infineon_libraries/iLLD/TC26B/Tricore/_PinMap/IfxMultican_PinMap.o" "libraries/infineon_libraries/iLLD/TC26B/Tricore/_PinMap/IfxMultican_PinMap.src"
astc -Og -Os --no-warnings= --error-limit=42 -o  "libraries/infineon_libraries/iLLD/TC26B/Tricore/_PinMap/IfxPort_PinMap.o" "libraries/infineon_libraries/iLLD/TC26B/Tricore/_PinMap/IfxPort_PinMap.src"
astc -Og -Os --no-warnings= --error-limit=42 -o  "libraries/infineon_libraries/iLLD/TC26B/Tricore/_PinMap/IfxPsi5_PinMap.o" "libraries/infineon_libraries/iLLD/TC26B/Tricore/_PinMap/IfxPsi5_PinMap.src"
cctc -cs --dep-file="IfxPsi5s_PinMap.d" --misrac-version=2004 -D__CPU__=tc26xb "-fD:/Infineon/E07_04_wifi_uart_tcp_client_demo/Debug/TASKING_C_C___Compiler-Include_paths__-I_.opt" --iso=99 --c++14 --language=+volatile --exceptions --anachronisms --fp-model=3 -O0 --tradeoff=4 --compact-max-size=200 -g -Wc-w544 -Wc-w557 -Ctc26xb -Y0 -N0 -Z0 -o "libraries/infineon_libraries/iLLD/TC26B/Tricore/_PinMap/IfxPsi5s_PinMap.src" "../libraries/infineon_libraries/iLLD/TC26B/Tricore/_PinMap/IfxPsi5s_PinMap.c"
cctc -cs --dep-file="IfxQspi_PinMap.d" --misrac-version=2004 -D__CPU__=tc26xb "-fD:/Infineon/E07_04_wifi_uart_tcp_client_demo/Debug/TASKING_C_C___Compiler-Include_paths__-I_.opt" --iso=99 --c++14 --language=+volatile --exceptions --anachronisms --fp-model=3 -O0 --tradeoff=4 --compact-max-size=200 -g -Wc-w544 -Wc-w557 -Ctc26xb -Y0 -N0 -Z0 -o "libraries/infineon_libraries/iLLD/TC26B/Tricore/_PinMap/IfxQspi_PinMap.src" "../libraries/infineon_libraries/iLLD/TC26B/Tricore/_PinMap/IfxQspi_PinMap.c"
cctc -cs --dep-file="IfxScu_PinMap.d" --misrac-version=2004 -D__CPU__=tc26xb "-fD:/Infineon/E07_04_wifi_uart_tcp_client_demo/Debug/TASKING_C_C___Compiler-Include_paths__-I_.opt" --iso=99 --c++14 --language=+volatile --exceptions --anachronisms --fp-model=3 -O0 --tradeoff=4 --compact-max-size=200 -g -Wc-w544 -Wc-w557 -Ctc26xb -Y0 -N0 -Z0 -o "libraries/infineon_libraries/iLLD/TC26B/Tricore/_PinMap/IfxScu_PinMap.src" "../libraries/infineon_libraries/iLLD/TC26B/Tricore/_PinMap/IfxScu_PinMap.c"
astc -Og -Os --no-warnings= --error-limit=42 -o  "libraries/infineon_libraries/iLLD/TC26B/Tricore/_PinMap/IfxPsi5s_PinMap.o" "libraries/infineon_libraries/iLLD/TC26B/Tricore/_PinMap/IfxPsi5s_PinMap.src"
astc -Og -Os --no-warnings= --error-limit=42 -o  "libraries/infineon_libraries/iLLD/TC26B/Tricore/_PinMap/IfxQspi_PinMap.o" "libraries/infineon_libraries/iLLD/TC26B/Tricore/_PinMap/IfxQspi_PinMap.src"
astc -Og -Os --no-warnings= --error-limit=42 -o  "libraries/infineon_libraries/iLLD/TC26B/Tricore/_PinMap/IfxScu_PinMap.o" "libraries/infineon_libraries/iLLD/TC26B/Tricore/_PinMap/IfxScu_PinMap.src"
cctc -cs --dep-file="IfxSent_PinMap.d" --misrac-version=2004 -D__CPU__=tc26xb "-fD:/Infineon/E07_04_wifi_uart_tcp_client_demo/Debug/TASKING_C_C___Compiler-Include_paths__-I_.opt" --iso=99 --c++14 --language=+volatile --exceptions --anachronisms --fp-model=3 -O0 --tradeoff=4 --compact-max-size=200 -g -Wc-w544 -Wc-w557 -Ctc26xb -Y0 -N0 -Z0 -o "libraries/infineon_libraries/iLLD/TC26B/Tricore/_PinMap/IfxSent_PinMap.src" "../libraries/infineon_libraries/iLLD/TC26B/Tricore/_PinMap/IfxSent_PinMap.c"
cctc -cs --dep-file="IfxSmu_PinMap.d" --misrac-version=2004 -D__CPU__=tc26xb "-fD:/Infineon/E07_04_wifi_uart_tcp_client_demo/Debug/TASKING_C_C___Compiler-Include_paths__-I_.opt" --iso=99 --c++14 --language=+volatile --exceptions --anachronisms --fp-model=3 -O0 --tradeoff=4 --compact-max-size=200 -g -Wc-w544 -Wc-w557 -Ctc26xb -Y0 -N0 -Z0 -o "libraries/infineon_libraries/iLLD/TC26B/Tricore/_PinMap/IfxSmu_PinMap.src" "../libraries/infineon_libraries/iLLD/TC26B/Tricore/_PinMap/IfxSmu_PinMap.c"
cctc -cs --dep-file="IfxVadc_PinMap.d" --misrac-version=2004 -D__CPU__=tc26xb "-fD:/Infineon/E07_04_wifi_uart_tcp_client_demo/Debug/TASKING_C_C___Compiler-Include_paths__-I_.opt" --iso=99 --c++14 --language=+volatile --exceptions --anachronisms --fp-model=3 -O0 --tradeoff=4 --compact-max-size=200 -g -Wc-w544 -Wc-w557 -Ctc26xb -Y0 -N0 -Z0 -o "libraries/infineon_libraries/iLLD/TC26B/Tricore/_PinMap/IfxVadc_PinMap.src" "../libraries/infineon_libraries/iLLD/TC26B/Tricore/_PinMap/IfxVadc_PinMap.c"
astc -Og -Os --no-warnings= --error-limit=42 -o  "libraries/infineon_libraries/iLLD/TC26B/Tricore/_PinMap/IfxSent_PinMap.o" "libraries/infineon_libraries/iLLD/TC26B/Tricore/_PinMap/IfxSent_PinMap.src"
astc -Og -Os --no-warnings= --error-limit=42 -o  "libraries/infineon_libraries/iLLD/TC26B/Tricore/_PinMap/IfxSmu_PinMap.o" "libraries/infineon_libraries/iLLD/TC26B/Tricore/_PinMap/IfxSmu_PinMap.src"
astc -Og -Os --no-warnings= --error-limit=42 -o  "libraries/infineon_libraries/iLLD/TC26B/Tricore/_PinMap/IfxVadc_PinMap.o" "libraries/infineon_libraries/iLLD/TC26B/Tricore/_PinMap/IfxVadc_PinMap.src"
cctc -cs --dep-file="Ifx_InternalMux.d" --misrac-version=2004 -D__CPU__=tc26xb "-fD:/Infineon/E07_04_wifi_uart_tcp_client_demo/Debug/TASKING_C_C___Compiler-Include_paths__-I_.opt" --iso=99 --c++14 --language=+volatile --exceptions --anachronisms --fp-model=3 -O0 --tradeoff=4 --compact-max-size=200 -g -Wc-w544 -Wc-w557 -Ctc26xb -Y0 -N0 -Z0 -o "libraries/infineon_libraries/iLLD/TC26B/Tricore/_Lib/InternalMux/Ifx_InternalMux.src" "../libraries/infineon_libraries/iLLD/TC26B/Tricore/_Lib/InternalMux/Ifx_InternalMux.c"
cctc -cs --dep-file="Ifx_CircularBuffer.asm.d" --misrac-version=2004 -D__CPU__=tc26xb "-fD:/Infineon/E07_04_wifi_uart_tcp_client_demo/Debug/TASKING_C_C___Compiler-Include_paths__-I_.opt" --iso=99 --c++14 --language=+volatile --exceptions --anachronisms --fp-model=3 -O0 --tradeoff=4 --compact-max-size=200 -g -Wc-w544 -Wc-w557 -Ctc26xb -Y0 -N0 -Z0 -o "libraries/infineon_libraries/iLLD/TC26B/Tricore/_Lib/DataHandling/Ifx_CircularBuffer.asm.src" "../libraries/infineon_libraries/iLLD/TC26B/Tricore/_Lib/DataHandling/Ifx_CircularBuffer.asm.c"
cctc -cs --dep-file="Ifx_CircularBuffer.d" --misrac-version=2004 -D__CPU__=tc26xb "-fD:/Infineon/E07_04_wifi_uart_tcp_client_demo/Debug/TASKING_C_C___Compiler-Include_paths__-I_.opt" --iso=99 --c++14 --language=+volatile --exceptions --anachronisms --fp-model=3 -O0 --tradeoff=4 --compact-max-size=200 -g -Wc-w544 -Wc-w557 -Ctc26xb -Y0 -N0 -Z0 -o "libraries/infineon_libraries/iLLD/TC26B/Tricore/_Lib/DataHandling/Ifx_CircularBuffer.src" "../libraries/infineon_libraries/iLLD/TC26B/Tricore/_Lib/DataHandling/Ifx_CircularBuffer.c"
astc -Og -Os --no-warnings= --error-limit=42 -o  "libraries/infineon_libraries/iLLD/TC26B/Tricore/_Lib/InternalMux/Ifx_InternalMux.o" "libraries/infineon_libraries/iLLD/TC26B/Tricore/_Lib/InternalMux/Ifx_InternalMux.src"
astc -Og -Os --no-warnings= --error-limit=42 -o  "libraries/infineon_libraries/iLLD/TC26B/Tricore/_Lib/DataHandling/Ifx_CircularBuffer.asm.o" "libraries/infineon_libraries/iLLD/TC26B/Tricore/_Lib/DataHandling/Ifx_CircularBuffer.asm.src"
astc -Og -Os --no-warnings= --error-limit=42 -o  "libraries/infineon_libraries/iLLD/TC26B/Tricore/_Lib/DataHandling/Ifx_CircularBuffer.o" "libraries/infineon_libraries/iLLD/TC26B/Tricore/_Lib/DataHandling/Ifx_CircularBuffer.src"
cctc -cs --dep-file="Ifx_Fifo.d" --misrac-version=2004 -D__CPU__=tc26xb "-fD:/Infineon/E07_04_wifi_uart_tcp_client_demo/Debug/TASKING_C_C___Compiler-Include_paths__-I_.opt" --iso=99 --c++14 --language=+volatile --exceptions --anachronisms --fp-model=3 -O0 --tradeoff=4 --compact-max-size=200 -g -Wc-w544 -Wc-w557 -Ctc26xb -Y0 -N0 -Z0 -o "libraries/infineon_libraries/iLLD/TC26B/Tricore/_Lib/DataHandling/Ifx_Fifo.src" "../libraries/infineon_libraries/iLLD/TC26B/Tricore/_Lib/DataHandling/Ifx_Fifo.c"
cctc -cs --dep-file="IfxAsclin_cfg.d" --misrac-version=2004 -D__CPU__=tc26xb "-fD:/Infineon/E07_04_wifi_uart_tcp_client_demo/Debug/TASKING_C_C___Compiler-Include_paths__-I_.opt" --iso=99 --c++14 --language=+volatile --exceptions --anachronisms --fp-model=3 -O0 --tradeoff=4 --compact-max-size=200 -g -Wc-w544 -Wc-w557 -Ctc26xb -Y0 -N0 -Z0 -o "libraries/infineon_libraries/iLLD/TC26B/Tricore/_Impl/IfxAsclin_cfg.src" "../libraries/infineon_libraries/iLLD/TC26B/Tricore/_Impl/IfxAsclin_cfg.c"
cctc -cs --dep-file="IfxCcu6_cfg.d" --misrac-version=2004 -D__CPU__=tc26xb "-fD:/Infineon/E07_04_wifi_uart_tcp_client_demo/Debug/TASKING_C_C___Compiler-Include_paths__-I_.opt" --iso=99 --c++14 --language=+volatile --exceptions --anachronisms --fp-model=3 -O0 --tradeoff=4 --compact-max-size=200 -g -Wc-w544 -Wc-w557 -Ctc26xb -Y0 -N0 -Z0 -o "libraries/infineon_libraries/iLLD/TC26B/Tricore/_Impl/IfxCcu6_cfg.src" "../libraries/infineon_libraries/iLLD/TC26B/Tricore/_Impl/IfxCcu6_cfg.c"
cctc -cs --dep-file="IfxCif_cfg.d" --misrac-version=2004 -D__CPU__=tc26xb "-fD:/Infineon/E07_04_wifi_uart_tcp_client_demo/Debug/TASKING_C_C___Compiler-Include_paths__-I_.opt" --iso=99 --c++14 --language=+volatile --exceptions --anachronisms --fp-model=3 -O0 --tradeoff=4 --compact-max-size=200 -g -Wc-w544 -Wc-w557 -Ctc26xb -Y0 -N0 -Z0 -o "libraries/infineon_libraries/iLLD/TC26B/Tricore/_Impl/IfxCif_cfg.src" "../libraries/infineon_libraries/iLLD/TC26B/Tricore/_Impl/IfxCif_cfg.c"
astc -Og -Os --no-warnings= --error-limit=42 -o  "libraries/infineon_libraries/iLLD/TC26B/Tricore/_Lib/DataHandling/Ifx_Fifo.o" "libraries/infineon_libraries/iLLD/TC26B/Tricore/_Lib/DataHandling/Ifx_Fifo.src"
astc -Og -Os --no-warnings= --error-limit=42 -o  "libraries/infineon_libraries/iLLD/TC26B/Tricore/_Impl/IfxAsclin_cfg.o" "libraries/infineon_libraries/iLLD/TC26B/Tricore/_Impl/IfxAsclin_cfg.src"
astc -Og -Os --no-warnings= --error-limit=42 -o  "libraries/infineon_libraries/iLLD/TC26B/Tricore/_Impl/IfxCcu6_cfg.o" "libraries/infineon_libraries/iLLD/TC26B/Tricore/_Impl/IfxCcu6_cfg.src"
astc -Og -Os --no-warnings= --error-limit=42 -o  "libraries/infineon_libraries/iLLD/TC26B/Tricore/_Impl/IfxCif_cfg.o" "libraries/infineon_libraries/iLLD/TC26B/Tricore/_Impl/IfxCif_cfg.src"
cctc -cs --dep-file="IfxCpu_cfg.d" --misrac-version=2004 -D__CPU__=tc26xb "-fD:/Infineon/E07_04_wifi_uart_tcp_client_demo/Debug/TASKING_C_C___Compiler-Include_paths__-I_.opt" --iso=99 --c++14 --language=+volatile --exceptions --anachronisms --fp-model=3 -O0 --tradeoff=4 --compact-max-size=200 -g -Wc-w544 -Wc-w557 -Ctc26xb -Y0 -N0 -Z0 -o "libraries/infineon_libraries/iLLD/TC26B/Tricore/_Impl/IfxCpu_cfg.src" "../libraries/infineon_libraries/iLLD/TC26B/Tricore/_Impl/IfxCpu_cfg.c"
cctc -cs --dep-file="IfxDma_cfg.d" --misrac-version=2004 -D__CPU__=tc26xb "-fD:/Infineon/E07_04_wifi_uart_tcp_client_demo/Debug/TASKING_C_C___Compiler-Include_paths__-I_.opt" --iso=99 --c++14 --language=+volatile --exceptions --anachronisms --fp-model=3 -O0 --tradeoff=4 --compact-max-size=200 -g -Wc-w544 -Wc-w557 -Ctc26xb -Y0 -N0 -Z0 -o "libraries/infineon_libraries/iLLD/TC26B/Tricore/_Impl/IfxDma_cfg.src" "../libraries/infineon_libraries/iLLD/TC26B/Tricore/_Impl/IfxDma_cfg.c"
cctc -cs --dep-file="IfxEmem_cfg.d" --misrac-version=2004 -D__CPU__=tc26xb "-fD:/Infineon/E07_04_wifi_uart_tcp_client_demo/Debug/TASKING_C_C___Compiler-Include_paths__-I_.opt" --iso=99 --c++14 --language=+volatile --exceptions --anachronisms --fp-model=3 -O0 --tradeoff=4 --compact-max-size=200 -g -Wc-w544 -Wc-w557 -Ctc26xb -Y0 -N0 -Z0 -o "libraries/infineon_libraries/iLLD/TC26B/Tricore/_Impl/IfxEmem_cfg.src" "../libraries/infineon_libraries/iLLD/TC26B/Tricore/_Impl/IfxEmem_cfg.c"
astc -Og -Os --no-warnings= --error-limit=42 -o  "libraries/infineon_libraries/iLLD/TC26B/Tricore/_Impl/IfxCpu_cfg.o" "libraries/infineon_libraries/iLLD/TC26B/Tricore/_Impl/IfxCpu_cfg.src"
astc -Og -Os --no-warnings= --error-limit=42 -o  "libraries/infineon_libraries/iLLD/TC26B/Tricore/_Impl/IfxDma_cfg.o" "libraries/infineon_libraries/iLLD/TC26B/Tricore/_Impl/IfxDma_cfg.src"
astc -Og -Os --no-warnings= --error-limit=42 -o  "libraries/infineon_libraries/iLLD/TC26B/Tricore/_Impl/IfxEmem_cfg.o" "libraries/infineon_libraries/iLLD/TC26B/Tricore/_Impl/IfxEmem_cfg.src"
cctc -cs --dep-file="IfxEray_cfg.d" --misrac-version=2004 -D__CPU__=tc26xb "-fD:/Infineon/E07_04_wifi_uart_tcp_client_demo/Debug/TASKING_C_C___Compiler-Include_paths__-I_.opt" --iso=99 --c++14 --language=+volatile --exceptions --anachronisms --fp-model=3 -O0 --tradeoff=4 --compact-max-size=200 -g -Wc-w544 -Wc-w557 -Ctc26xb -Y0 -N0 -Z0 -o "libraries/infineon_libraries/iLLD/TC26B/Tricore/_Impl/IfxEray_cfg.src" "../libraries/infineon_libraries/iLLD/TC26B/Tricore/_Impl/IfxEray_cfg.c"
cctc -cs --dep-file="IfxFlash_cfg.d" --misrac-version=2004 -D__CPU__=tc26xb "-fD:/Infineon/E07_04_wifi_uart_tcp_client_demo/Debug/TASKING_C_C___Compiler-Include_paths__-I_.opt" --iso=99 --c++14 --language=+volatile --exceptions --anachronisms --fp-model=3 -O0 --tradeoff=4 --compact-max-size=200 -g -Wc-w544 -Wc-w557 -Ctc26xb -Y0 -N0 -Z0 -o "libraries/infineon_libraries/iLLD/TC26B/Tricore/_Impl/IfxFlash_cfg.src" "../libraries/infineon_libraries/iLLD/TC26B/Tricore/_Impl/IfxFlash_cfg.c"
cctc -cs --dep-file="IfxGtm_cfg.d" --misrac-version=2004 -D__CPU__=tc26xb "-fD:/Infineon/E07_04_wifi_uart_tcp_client_demo/Debug/TASKING_C_C___Compiler-Include_paths__-I_.opt" --iso=99 --c++14 --language=+volatile --exceptions --anachronisms --fp-model=3 -O0 --tradeoff=4 --compact-max-size=200 -g -Wc-w544 -Wc-w557 -Ctc26xb -Y0 -N0 -Z0 -o "libraries/infineon_libraries/iLLD/TC26B/Tricore/_Impl/IfxGtm_cfg.src" "../libraries/infineon_libraries/iLLD/TC26B/Tricore/_Impl/IfxGtm_cfg.c"
astc -Og -Os --no-warnings= --error-limit=42 -o  "libraries/infineon_libraries/iLLD/TC26B/Tricore/_Impl/IfxEray_cfg.o" "libraries/infineon_libraries/iLLD/TC26B/Tricore/_Impl/IfxEray_cfg.src"
astc -Og -Os --no-warnings= --error-limit=42 -o  "libraries/infineon_libraries/iLLD/TC26B/Tricore/_Impl/IfxFlash_cfg.o" "libraries/infineon_libraries/iLLD/TC26B/Tricore/_Impl/IfxFlash_cfg.src"
astc -Og -Os --no-warnings= --error-limit=42 -o  "libraries/infineon_libraries/iLLD/TC26B/Tricore/_Impl/IfxGtm_cfg.o" "libraries/infineon_libraries/iLLD/TC26B/Tricore/_Impl/IfxGtm_cfg.src"
cctc -cs --dep-file="IfxHssl_cfg.d" --misrac-version=2004 -D__CPU__=tc26xb "-fD:/Infineon/E07_04_wifi_uart_tcp_client_demo/Debug/TASKING_C_C___Compiler-Include_paths__-I_.opt" --iso=99 --c++14 --language=+volatile --exceptions --anachronisms --fp-model=3 -O0 --tradeoff=4 --compact-max-size=200 -g -Wc-w544 -Wc-w557 -Ctc26xb -Y0 -N0 -Z0 -o "libraries/infineon_libraries/iLLD/TC26B/Tricore/_Impl/IfxHssl_cfg.src" "../libraries/infineon_libraries/iLLD/TC26B/Tricore/_Impl/IfxHssl_cfg.c"
cctc -cs --dep-file="IfxI2c_cfg.d" --misrac-version=2004 -D__CPU__=tc26xb "-fD:/Infineon/E07_04_wifi_uart_tcp_client_demo/Debug/TASKING_C_C___Compiler-Include_paths__-I_.opt" --iso=99 --c++14 --language=+volatile --exceptions --anachronisms --fp-model=3 -O0 --tradeoff=4 --compact-max-size=200 -g -Wc-w544 -Wc-w557 -Ctc26xb -Y0 -N0 -Z0 -o "libraries/infineon_libraries/iLLD/TC26B/Tricore/_Impl/IfxI2c_cfg.src" "../libraries/infineon_libraries/iLLD/TC26B/Tricore/_Impl/IfxI2c_cfg.c"
cctc -cs --dep-file="IfxMsc_cfg.d" --misrac-version=2004 -D__CPU__=tc26xb "-fD:/Infineon/E07_04_wifi_uart_tcp_client_demo/Debug/TASKING_C_C___Compiler-Include_paths__-I_.opt" --iso=99 --c++14 --language=+volatile --exceptions --anachronisms --fp-model=3 -O0 --tradeoff=4 --compact-max-size=200 -g -Wc-w544 -Wc-w557 -Ctc26xb -Y0 -N0 -Z0 -o "libraries/infineon_libraries/iLLD/TC26B/Tricore/_Impl/IfxMsc_cfg.src" "../libraries/infineon_libraries/iLLD/TC26B/Tricore/_Impl/IfxMsc_cfg.c"
astc -Og -Os --no-warnings= --error-limit=42 -o  "libraries/infineon_libraries/iLLD/TC26B/Tricore/_Impl/IfxHssl_cfg.o" "libraries/infineon_libraries/iLLD/TC26B/Tricore/_Impl/IfxHssl_cfg.src"
astc -Og -Os --no-warnings= --error-limit=42 -o  "libraries/infineon_libraries/iLLD/TC26B/Tricore/_Impl/IfxI2c_cfg.o" "libraries/infineon_libraries/iLLD/TC26B/Tricore/_Impl/IfxI2c_cfg.src"
astc -Og -Os --no-warnings= --error-limit=42 -o  "libraries/infineon_libraries/iLLD/TC26B/Tricore/_Impl/IfxMsc_cfg.o" "libraries/infineon_libraries/iLLD/TC26B/Tricore/_Impl/IfxMsc_cfg.src"
cctc -cs --dep-file="IfxMtu_cfg.d" --misrac-version=2004 -D__CPU__=tc26xb "-fD:/Infineon/E07_04_wifi_uart_tcp_client_demo/Debug/TASKING_C_C___Compiler-Include_paths__-I_.opt" --iso=99 --c++14 --language=+volatile --exceptions --anachronisms --fp-model=3 -O0 --tradeoff=4 --compact-max-size=200 -g -Wc-w544 -Wc-w557 -Ctc26xb -Y0 -N0 -Z0 -o "libraries/infineon_libraries/iLLD/TC26B/Tricore/_Impl/IfxMtu_cfg.src" "../libraries/infineon_libraries/iLLD/TC26B/Tricore/_Impl/IfxMtu_cfg.c"
cctc -cs --dep-file="IfxMultican_cfg.d" --misrac-version=2004 -D__CPU__=tc26xb "-fD:/Infineon/E07_04_wifi_uart_tcp_client_demo/Debug/TASKING_C_C___Compiler-Include_paths__-I_.opt" --iso=99 --c++14 --language=+volatile --exceptions --anachronisms --fp-model=3 -O0 --tradeoff=4 --compact-max-size=200 -g -Wc-w544 -Wc-w557 -Ctc26xb -Y0 -N0 -Z0 -o "libraries/infineon_libraries/iLLD/TC26B/Tricore/_Impl/IfxMultican_cfg.src" "../libraries/infineon_libraries/iLLD/TC26B/Tricore/_Impl/IfxMultican_cfg.c"
cctc -cs --dep-file="IfxPort_cfg.d" --misrac-version=2004 -D__CPU__=tc26xb "-fD:/Infineon/E07_04_wifi_uart_tcp_client_demo/Debug/TASKING_C_C___Compiler-Include_paths__-I_.opt" --iso=99 --c++14 --language=+volatile --exceptions --anachronisms --fp-model=3 -O0 --tradeoff=4 --compact-max-size=200 -g -Wc-w544 -Wc-w557 -Ctc26xb -Y0 -N0 -Z0 -o "libraries/infineon_libraries/iLLD/TC26B/Tricore/_Impl/IfxPort_cfg.src" "../libraries/infineon_libraries/iLLD/TC26B/Tricore/_Impl/IfxPort_cfg.c"
astc -Og -Os --no-warnings= --error-limit=42 -o  "libraries/infineon_libraries/iLLD/TC26B/Tricore/_Impl/IfxMtu_cfg.o" "libraries/infineon_libraries/iLLD/TC26B/Tricore/_Impl/IfxMtu_cfg.src"
astc -Og -Os --no-warnings= --error-limit=42 -o  "libraries/infineon_libraries/iLLD/TC26B/Tricore/_Impl/IfxMultican_cfg.o" "libraries/infineon_libraries/iLLD/TC26B/Tricore/_Impl/IfxMultican_cfg.src"
astc -Og -Os --no-warnings= --error-limit=42 -o  "libraries/infineon_libraries/iLLD/TC26B/Tricore/_Impl/IfxPort_cfg.o" "libraries/infineon_libraries/iLLD/TC26B/Tricore/_Impl/IfxPort_cfg.src"
cctc -cs --dep-file="IfxPsi5_cfg.d" --misrac-version=2004 -D__CPU__=tc26xb "-fD:/Infineon/E07_04_wifi_uart_tcp_client_demo/Debug/TASKING_C_C___Compiler-Include_paths__-I_.opt" --iso=99 --c++14 --language=+volatile --exceptions --anachronisms --fp-model=3 -O0 --tradeoff=4 --compact-max-size=200 -g -Wc-w544 -Wc-w557 -Ctc26xb -Y0 -N0 -Z0 -o "libraries/infineon_libraries/iLLD/TC26B/Tricore/_Impl/IfxPsi5_cfg.src" "../libraries/infineon_libraries/iLLD/TC26B/Tricore/_Impl/IfxPsi5_cfg.c"
cctc -cs --dep-file="IfxQspi_cfg.d" --misrac-version=2004 -D__CPU__=tc26xb "-fD:/Infineon/E07_04_wifi_uart_tcp_client_demo/Debug/TASKING_C_C___Compiler-Include_paths__-I_.opt" --iso=99 --c++14 --language=+volatile --exceptions --anachronisms --fp-model=3 -O0 --tradeoff=4 --compact-max-size=200 -g -Wc-w544 -Wc-w557 -Ctc26xb -Y0 -N0 -Z0 -o "libraries/infineon_libraries/iLLD/TC26B/Tricore/_Impl/IfxQspi_cfg.src" "../libraries/infineon_libraries/iLLD/TC26B/Tricore/_Impl/IfxQspi_cfg.c"
cctc -cs --dep-file="IfxScu_cfg.d" --misrac-version=2004 -D__CPU__=tc26xb "-fD:/Infineon/E07_04_wifi_uart_tcp_client_demo/Debug/TASKING_C_C___Compiler-Include_paths__-I_.opt" --iso=99 --c++14 --language=+volatile --exceptions --anachronisms --fp-model=3 -O0 --tradeoff=4 --compact-max-size=200 -g -Wc-w544 -Wc-w557 -Ctc26xb -Y0 -N0 -Z0 -o "libraries/infineon_libraries/iLLD/TC26B/Tricore/_Impl/IfxScu_cfg.src" "../libraries/infineon_libraries/iLLD/TC26B/Tricore/_Impl/IfxScu_cfg.c"
astc -Og -Os --no-warnings= --error-limit=42 -o  "libraries/infineon_libraries/iLLD/TC26B/Tricore/_Impl/IfxPsi5_cfg.o" "libraries/infineon_libraries/iLLD/TC26B/Tricore/_Impl/IfxPsi5_cfg.src"
astc -Og -Os --no-warnings= --error-limit=42 -o  "libraries/infineon_libraries/iLLD/TC26B/Tricore/_Impl/IfxQspi_cfg.o" "libraries/infineon_libraries/iLLD/TC26B/Tricore/_Impl/IfxQspi_cfg.src"
astc -Og -Os --no-warnings= --error-limit=42 -o  "libraries/infineon_libraries/iLLD/TC26B/Tricore/_Impl/IfxScu_cfg.o" "libraries/infineon_libraries/iLLD/TC26B/Tricore/_Impl/IfxScu_cfg.src"
cctc -cs --dep-file="IfxSent_cfg.d" --misrac-version=2004 -D__CPU__=tc26xb "-fD:/Infineon/E07_04_wifi_uart_tcp_client_demo/Debug/TASKING_C_C___Compiler-Include_paths__-I_.opt" --iso=99 --c++14 --language=+volatile --exceptions --anachronisms --fp-model=3 -O0 --tradeoff=4 --compact-max-size=200 -g -Wc-w544 -Wc-w557 -Ctc26xb -Y0 -N0 -Z0 -o "libraries/infineon_libraries/iLLD/TC26B/Tricore/_Impl/IfxSent_cfg.src" "../libraries/infineon_libraries/iLLD/TC26B/Tricore/_Impl/IfxSent_cfg.c"
cctc -cs --dep-file="IfxSmu_cfg.d" --misrac-version=2004 -D__CPU__=tc26xb "-fD:/Infineon/E07_04_wifi_uart_tcp_client_demo/Debug/TASKING_C_C___Compiler-Include_paths__-I_.opt" --iso=99 --c++14 --language=+volatile --exceptions --anachronisms --fp-model=3 -O0 --tradeoff=4 --compact-max-size=200 -g -Wc-w544 -Wc-w557 -Ctc26xb -Y0 -N0 -Z0 -o "libraries/infineon_libraries/iLLD/TC26B/Tricore/_Impl/IfxSmu_cfg.src" "../libraries/infineon_libraries/iLLD/TC26B/Tricore/_Impl/IfxSmu_cfg.c"
cctc -cs --dep-file="IfxSrc_cfg.d" --misrac-version=2004 -D__CPU__=tc26xb "-fD:/Infineon/E07_04_wifi_uart_tcp_client_demo/Debug/TASKING_C_C___Compiler-Include_paths__-I_.opt" --iso=99 --c++14 --language=+volatile --exceptions --anachronisms --fp-model=3 -O0 --tradeoff=4 --compact-max-size=200 -g -Wc-w544 -Wc-w557 -Ctc26xb -Y0 -N0 -Z0 -o "libraries/infineon_libraries/iLLD/TC26B/Tricore/_Impl/IfxSrc_cfg.src" "../libraries/infineon_libraries/iLLD/TC26B/Tricore/_Impl/IfxSrc_cfg.c"
astc -Og -Os --no-warnings= --error-limit=42 -o  "libraries/infineon_libraries/iLLD/TC26B/Tricore/_Impl/IfxSent_cfg.o" "libraries/infineon_libraries/iLLD/TC26B/Tricore/_Impl/IfxSent_cfg.src"
astc -Og -Os --no-warnings= --error-limit=42 -o  "libraries/infineon_libraries/iLLD/TC26B/Tricore/_Impl/IfxSmu_cfg.o" "libraries/infineon_libraries/iLLD/TC26B/Tricore/_Impl/IfxSmu_cfg.src"
astc -Og -Os --no-warnings= --error-limit=42 -o  "libraries/infineon_libraries/iLLD/TC26B/Tricore/_Impl/IfxSrc_cfg.o" "libraries/infineon_libraries/iLLD/TC26B/Tricore/_Impl/IfxSrc_cfg.src"
cctc -cs --dep-file="IfxStm_cfg.d" --misrac-version=2004 -D__CPU__=tc26xb "-fD:/Infineon/E07_04_wifi_uart_tcp_client_demo/Debug/TASKING_C_C___Compiler-Include_paths__-I_.opt" --iso=99 --c++14 --language=+volatile --exceptions --anachronisms --fp-model=3 -O0 --tradeoff=4 --compact-max-size=200 -g -Wc-w544 -Wc-w557 -Ctc26xb -Y0 -N0 -Z0 -o "libraries/infineon_libraries/iLLD/TC26B/Tricore/_Impl/IfxStm_cfg.src" "../libraries/infineon_libraries/iLLD/TC26B/Tricore/_Impl/IfxStm_cfg.c"
cctc -cs --dep-file="IfxVadc_cfg.d" --misrac-version=2004 -D__CPU__=tc26xb "-fD:/Infineon/E07_04_wifi_uart_tcp_client_demo/Debug/TASKING_C_C___Compiler-Include_paths__-I_.opt" --iso=99 --c++14 --language=+volatile --exceptions --anachronisms --fp-model=3 -O0 --tradeoff=4 --compact-max-size=200 -g -Wc-w544 -Wc-w557 -Ctc26xb -Y0 -N0 -Z0 -o "libraries/infineon_libraries/iLLD/TC26B/Tricore/_Impl/IfxVadc_cfg.src" "../libraries/infineon_libraries/iLLD/TC26B/Tricore/_Impl/IfxVadc_cfg.c"
cctc -cs --dep-file="IfxVadc.d" --misrac-version=2004 -D__CPU__=tc26xb "-fD:/Infineon/E07_04_wifi_uart_tcp_client_demo/Debug/TASKING_C_C___Compiler-Include_paths__-I_.opt" --iso=99 --c++14 --language=+volatile --exceptions --anachronisms --fp-model=3 -O0 --tradeoff=4 --compact-max-size=200 -g -Wc-w544 -Wc-w557 -Ctc26xb -Y0 -N0 -Z0 -o "libraries/infineon_libraries/iLLD/TC26B/Tricore/Vadc/Std/IfxVadc.src" "../libraries/infineon_libraries/iLLD/TC26B/Tricore/Vadc/Std/IfxVadc.c"
astc -Og -Os --no-warnings= --error-limit=42 -o  "libraries/infineon_libraries/iLLD/TC26B/Tricore/_Impl/IfxStm_cfg.o" "libraries/infineon_libraries/iLLD/TC26B/Tricore/_Impl/IfxStm_cfg.src"
astc -Og -Os --no-warnings= --error-limit=42 -o  "libraries/infineon_libraries/iLLD/TC26B/Tricore/_Impl/IfxVadc_cfg.o" "libraries/infineon_libraries/iLLD/TC26B/Tricore/_Impl/IfxVadc_cfg.src"
cctc -cs --dep-file="IfxVadc_Adc.d" --misrac-version=2004 -D__CPU__=tc26xb "-fD:/Infineon/E07_04_wifi_uart_tcp_client_demo/Debug/TASKING_C_C___Compiler-Include_paths__-I_.opt" --iso=99 --c++14 --language=+volatile --exceptions --anachronisms --fp-model=3 -O0 --tradeoff=4 --compact-max-size=200 -g -Wc-w544 -Wc-w557 -Ctc26xb -Y0 -N0 -Z0 -o "libraries/infineon_libraries/iLLD/TC26B/Tricore/Vadc/Adc/IfxVadc_Adc.src" "../libraries/infineon_libraries/iLLD/TC26B/Tricore/Vadc/Adc/IfxVadc_Adc.c"
astc -Og -Os --no-warnings= --error-limit=42 -o  "libraries/infineon_libraries/iLLD/TC26B/Tricore/Vadc/Std/IfxVadc.o" "libraries/infineon_libraries/iLLD/TC26B/Tricore/Vadc/Std/IfxVadc.src"
cctc -cs --dep-file="IfxStm_Timer.d" --misrac-version=2004 -D__CPU__=tc26xb "-fD:/Infineon/E07_04_wifi_uart_tcp_client_demo/Debug/TASKING_C_C___Compiler-Include_paths__-I_.opt" --iso=99 --c++14 --language=+volatile --exceptions --anachronisms --fp-model=3 -O0 --tradeoff=4 --compact-max-size=200 -g -Wc-w544 -Wc-w557 -Ctc26xb -Y0 -N0 -Z0 -o "libraries/infineon_libraries/iLLD/TC26B/Tricore/Stm/Timer/IfxStm_Timer.src" "../libraries/infineon_libraries/iLLD/TC26B/Tricore/Stm/Timer/IfxStm_Timer.c"
cctc -cs --dep-file="IfxStm.d" --misrac-version=2004 -D__CPU__=tc26xb "-fD:/Infineon/E07_04_wifi_uart_tcp_client_demo/Debug/TASKING_C_C___Compiler-Include_paths__-I_.opt" --iso=99 --c++14 --language=+volatile --exceptions --anachronisms --fp-model=3 -O0 --tradeoff=4 --compact-max-size=200 -g -Wc-w544 -Wc-w557 -Ctc26xb -Y0 -N0 -Z0 -o "libraries/infineon_libraries/iLLD/TC26B/Tricore/Stm/Std/IfxStm.src" "../libraries/infineon_libraries/iLLD/TC26B/Tricore/Stm/Std/IfxStm.c"
astc -Og -Os --no-warnings= --error-limit=42 -o  "libraries/infineon_libraries/iLLD/TC26B/Tricore/Vadc/Adc/IfxVadc_Adc.o" "libraries/infineon_libraries/iLLD/TC26B/Tricore/Vadc/Adc/IfxVadc_Adc.src"
astc -Og -Os --no-warnings= --error-limit=42 -o  "libraries/infineon_libraries/iLLD/TC26B/Tricore/Stm/Timer/IfxStm_Timer.o" "libraries/infineon_libraries/iLLD/TC26B/Tricore/Stm/Timer/IfxStm_Timer.src"
astc -Og -Os --no-warnings= --error-limit=42 -o  "libraries/infineon_libraries/iLLD/TC26B/Tricore/Stm/Std/IfxStm.o" "libraries/infineon_libraries/iLLD/TC26B/Tricore/Stm/Std/IfxStm.src"
cctc -cs --dep-file="IfxSrc.d" --misrac-version=2004 -D__CPU__=tc26xb "-fD:/Infineon/E07_04_wifi_uart_tcp_client_demo/Debug/TASKING_C_C___Compiler-Include_paths__-I_.opt" --iso=99 --c++14 --language=+volatile --exceptions --anachronisms --fp-model=3 -O0 --tradeoff=4 --compact-max-size=200 -g -Wc-w544 -Wc-w557 -Ctc26xb -Y0 -N0 -Z0 -o "libraries/infineon_libraries/iLLD/TC26B/Tricore/Src/Std/IfxSrc.src" "../libraries/infineon_libraries/iLLD/TC26B/Tricore/Src/Std/IfxSrc.c"
cctc -cs --dep-file="IfxSmu.d" --misrac-version=2004 -D__CPU__=tc26xb "-fD:/Infineon/E07_04_wifi_uart_tcp_client_demo/Debug/TASKING_C_C___Compiler-Include_paths__-I_.opt" --iso=99 --c++14 --language=+volatile --exceptions --anachronisms --fp-model=3 -O0 --tradeoff=4 --compact-max-size=200 -g -Wc-w544 -Wc-w557 -Ctc26xb -Y0 -N0 -Z0 -o "libraries/infineon_libraries/iLLD/TC26B/Tricore/Smu/Std/IfxSmu.src" "../libraries/infineon_libraries/iLLD/TC26B/Tricore/Smu/Std/IfxSmu.c"
cctc -cs --dep-file="IfxSent.d" --misrac-version=2004 -D__CPU__=tc26xb "-fD:/Infineon/E07_04_wifi_uart_tcp_client_demo/Debug/TASKING_C_C___Compiler-Include_paths__-I_.opt" --iso=99 --c++14 --language=+volatile --exceptions --anachronisms --fp-model=3 -O0 --tradeoff=4 --compact-max-size=200 -g -Wc-w544 -Wc-w557 -Ctc26xb -Y0 -N0 -Z0 -o "libraries/infineon_libraries/iLLD/TC26B/Tricore/Sent/Std/IfxSent.src" "../libraries/infineon_libraries/iLLD/TC26B/Tricore/Sent/Std/IfxSent.c"
astc -Og -Os --no-warnings= --error-limit=42 -o  "libraries/infineon_libraries/iLLD/TC26B/Tricore/Src/Std/IfxSrc.o" "libraries/infineon_libraries/iLLD/TC26B/Tricore/Src/Std/IfxSrc.src"
astc -Og -Os --no-warnings= --error-limit=42 -o  "libraries/infineon_libraries/iLLD/TC26B/Tricore/Smu/Std/IfxSmu.o" "libraries/infineon_libraries/iLLD/TC26B/Tricore/Smu/Std/IfxSmu.src"
cctc -cs --dep-file="IfxSent_Sent.d" --misrac-version=2004 -D__CPU__=tc26xb "-fD:/Infineon/E07_04_wifi_uart_tcp_client_demo/Debug/TASKING_C_C___Compiler-Include_paths__-I_.opt" --iso=99 --c++14 --language=+volatile --exceptions --anachronisms --fp-model=3 -O0 --tradeoff=4 --compact-max-size=200 -g -Wc-w544 -Wc-w557 -Ctc26xb -Y0 -N0 -Z0 -o "libraries/infineon_libraries/iLLD/TC26B/Tricore/Sent/Sent/IfxSent_Sent.src" "../libraries/infineon_libraries/iLLD/TC26B/Tricore/Sent/Sent/IfxSent_Sent.c"
astc -Og -Os --no-warnings= --error-limit=42 -o  "libraries/infineon_libraries/iLLD/TC26B/Tricore/Sent/Std/IfxSent.o" "libraries/infineon_libraries/iLLD/TC26B/Tricore/Sent/Std/IfxSent.src"
cctc -cs --dep-file="IfxScuCcu.d" --misrac-version=2004 -D__CPU__=tc26xb "-fD:/Infineon/E07_04_wifi_uart_tcp_client_demo/Debug/TASKING_C_C___Compiler-Include_paths__-I_.opt" --iso=99 --c++14 --language=+volatile --exceptions --anachronisms --fp-model=3 -O0 --tradeoff=4 --compact-max-size=200 -g -Wc-w544 -Wc-w557 -Ctc26xb -Y0 -N0 -Z0 -o "libraries/infineon_libraries/iLLD/TC26B/Tricore/Scu/Std/IfxScuCcu.src" "../libraries/infineon_libraries/iLLD/TC26B/Tricore/Scu/Std/IfxScuCcu.c"
cctc -cs --dep-file="IfxScuEru.d" --misrac-version=2004 -D__CPU__=tc26xb "-fD:/Infineon/E07_04_wifi_uart_tcp_client_demo/Debug/TASKING_C_C___Compiler-Include_paths__-I_.opt" --iso=99 --c++14 --language=+volatile --exceptions --anachronisms --fp-model=3 -O0 --tradeoff=4 --compact-max-size=200 -g -Wc-w544 -Wc-w557 -Ctc26xb -Y0 -N0 -Z0 -o "libraries/infineon_libraries/iLLD/TC26B/Tricore/Scu/Std/IfxScuEru.src" "../libraries/infineon_libraries/iLLD/TC26B/Tricore/Scu/Std/IfxScuEru.c"
astc -Og -Os --no-warnings= --error-limit=42 -o  "libraries/infineon_libraries/iLLD/TC26B/Tricore/Sent/Sent/IfxSent_Sent.o" "libraries/infineon_libraries/iLLD/TC26B/Tricore/Sent/Sent/IfxSent_Sent.src"
astc -Og -Os --no-warnings= --error-limit=42 -o  "libraries/infineon_libraries/iLLD/TC26B/Tricore/Scu/Std/IfxScuCcu.o" "libraries/infineon_libraries/iLLD/TC26B/Tricore/Scu/Std/IfxScuCcu.src"
astc -Og -Os --no-warnings= --error-limit=42 -o  "libraries/infineon_libraries/iLLD/TC26B/Tricore/Scu/Std/IfxScuEru.o" "libraries/infineon_libraries/iLLD/TC26B/Tricore/Scu/Std/IfxScuEru.src"
cctc -cs --dep-file="IfxScuWdt.d" --misrac-version=2004 -D__CPU__=tc26xb "-fD:/Infineon/E07_04_wifi_uart_tcp_client_demo/Debug/TASKING_C_C___Compiler-Include_paths__-I_.opt" --iso=99 --c++14 --language=+volatile --exceptions --anachronisms --fp-model=3 -O0 --tradeoff=4 --compact-max-size=200 -g -Wc-w544 -Wc-w557 -Ctc26xb -Y0 -N0 -Z0 -o "libraries/infineon_libraries/iLLD/TC26B/Tricore/Scu/Std/IfxScuWdt.src" "../libraries/infineon_libraries/iLLD/TC26B/Tricore/Scu/Std/IfxScuWdt.c"
cctc -cs --dep-file="IfxQspi.d" --misrac-version=2004 -D__CPU__=tc26xb "-fD:/Infineon/E07_04_wifi_uart_tcp_client_demo/Debug/TASKING_C_C___Compiler-Include_paths__-I_.opt" --iso=99 --c++14 --language=+volatile --exceptions --anachronisms --fp-model=3 -O0 --tradeoff=4 --compact-max-size=200 -g -Wc-w544 -Wc-w557 -Ctc26xb -Y0 -N0 -Z0 -o "libraries/infineon_libraries/iLLD/TC26B/Tricore/Qspi/Std/IfxQspi.src" "../libraries/infineon_libraries/iLLD/TC26B/Tricore/Qspi/Std/IfxQspi.c"
cctc -cs --dep-file="IfxQspi_SpiSlave.d" --misrac-version=2004 -D__CPU__=tc26xb "-fD:/Infineon/E07_04_wifi_uart_tcp_client_demo/Debug/TASKING_C_C___Compiler-Include_paths__-I_.opt" --iso=99 --c++14 --language=+volatile --exceptions --anachronisms --fp-model=3 -O0 --tradeoff=4 --compact-max-size=200 -g -Wc-w544 -Wc-w557 -Ctc26xb -Y0 -N0 -Z0 -o "libraries/infineon_libraries/iLLD/TC26B/Tricore/Qspi/SpiSlave/IfxQspi_SpiSlave.src" "../libraries/infineon_libraries/iLLD/TC26B/Tricore/Qspi/SpiSlave/IfxQspi_SpiSlave.c"
cctc -cs --dep-file="IfxQspi_SpiMaster.d" --misrac-version=2004 -D__CPU__=tc26xb "-fD:/Infineon/E07_04_wifi_uart_tcp_client_demo/Debug/TASKING_C_C___Compiler-Include_paths__-I_.opt" --iso=99 --c++14 --language=+volatile --exceptions --anachronisms --fp-model=3 -O0 --tradeoff=4 --compact-max-size=200 -g -Wc-w544 -Wc-w557 -Ctc26xb -Y0 -N0 -Z0 -o "libraries/infineon_libraries/iLLD/TC26B/Tricore/Qspi/SpiMaster/IfxQspi_SpiMaster.src" "../libraries/infineon_libraries/iLLD/TC26B/Tricore/Qspi/SpiMaster/IfxQspi_SpiMaster.c"
astc -Og -Os --no-warnings= --error-limit=42 -o  "libraries/infineon_libraries/iLLD/TC26B/Tricore/Scu/Std/IfxScuWdt.o" "libraries/infineon_libraries/iLLD/TC26B/Tricore/Scu/Std/IfxScuWdt.src"
astc -Og -Os --no-warnings= --error-limit=42 -o  "libraries/infineon_libraries/iLLD/TC26B/Tricore/Qspi/Std/IfxQspi.o" "libraries/infineon_libraries/iLLD/TC26B/Tricore/Qspi/Std/IfxQspi.src"
astc -Og -Os --no-warnings= --error-limit=42 -o  "libraries/infineon_libraries/iLLD/TC26B/Tricore/Qspi/SpiSlave/IfxQspi_SpiSlave.o" "libraries/infineon_libraries/iLLD/TC26B/Tricore/Qspi/SpiSlave/IfxQspi_SpiSlave.src"
cctc -cs --dep-file="IfxPsi5s.d" --misrac-version=2004 -D__CPU__=tc26xb "-fD:/Infineon/E07_04_wifi_uart_tcp_client_demo/Debug/TASKING_C_C___Compiler-Include_paths__-I_.opt" --iso=99 --c++14 --language=+volatile --exceptions --anachronisms --fp-model=3 -O0 --tradeoff=4 --compact-max-size=200 -g -Wc-w544 -Wc-w557 -Ctc26xb -Y0 -N0 -Z0 -o "libraries/infineon_libraries/iLLD/TC26B/Tricore/Psi5s/Std/IfxPsi5s.src" "../libraries/infineon_libraries/iLLD/TC26B/Tricore/Psi5s/Std/IfxPsi5s.c"
astc -Og -Os --no-warnings= --error-limit=42 -o  "libraries/infineon_libraries/iLLD/TC26B/Tricore/Qspi/SpiMaster/IfxQspi_SpiMaster.o" "libraries/infineon_libraries/iLLD/TC26B/Tricore/Qspi/SpiMaster/IfxQspi_SpiMaster.src"
cctc -cs --dep-file="IfxPsi5s_Psi5s.d" --misrac-version=2004 -D__CPU__=tc26xb "-fD:/Infineon/E07_04_wifi_uart_tcp_client_demo/Debug/TASKING_C_C___Compiler-Include_paths__-I_.opt" --iso=99 --c++14 --language=+volatile --exceptions --anachronisms --fp-model=3 -O0 --tradeoff=4 --compact-max-size=200 -g -Wc-w544 -Wc-w557 -Ctc26xb -Y0 -N0 -Z0 -o "libraries/infineon_libraries/iLLD/TC26B/Tricore/Psi5s/Psi5s/IfxPsi5s_Psi5s.src" "../libraries/infineon_libraries/iLLD/TC26B/Tricore/Psi5s/Psi5s/IfxPsi5s_Psi5s.c"
cctc -cs --dep-file="IfxPsi5.d" --misrac-version=2004 -D__CPU__=tc26xb "-fD:/Infineon/E07_04_wifi_uart_tcp_client_demo/Debug/TASKING_C_C___Compiler-Include_paths__-I_.opt" --iso=99 --c++14 --language=+volatile --exceptions --anachronisms --fp-model=3 -O0 --tradeoff=4 --compact-max-size=200 -g -Wc-w544 -Wc-w557 -Ctc26xb -Y0 -N0 -Z0 -o "libraries/infineon_libraries/iLLD/TC26B/Tricore/Psi5/Std/IfxPsi5.src" "../libraries/infineon_libraries/iLLD/TC26B/Tricore/Psi5/Std/IfxPsi5.c"
astc -Og -Os --no-warnings= --error-limit=42 -o  "libraries/infineon_libraries/iLLD/TC26B/Tricore/Psi5s/Std/IfxPsi5s.o" "libraries/infineon_libraries/iLLD/TC26B/Tricore/Psi5s/Std/IfxPsi5s.src"
astc -Og -Os --no-warnings= --error-limit=42 -o  "libraries/infineon_libraries/iLLD/TC26B/Tricore/Psi5s/Psi5s/IfxPsi5s_Psi5s.o" "libraries/infineon_libraries/iLLD/TC26B/Tricore/Psi5s/Psi5s/IfxPsi5s_Psi5s.src"
cctc -cs --dep-file="IfxPsi5_Psi5.d" --misrac-version=2004 -D__CPU__=tc26xb "-fD:/Infineon/E07_04_wifi_uart_tcp_client_demo/Debug/TASKING_C_C___Compiler-Include_paths__-I_.opt" --iso=99 --c++14 --language=+volatile --exceptions --anachronisms --fp-model=3 -O0 --tradeoff=4 --compact-max-size=200 -g -Wc-w544 -Wc-w557 -Ctc26xb -Y0 -N0 -Z0 -o "libraries/infineon_libraries/iLLD/TC26B/Tricore/Psi5/Psi5/IfxPsi5_Psi5.src" "../libraries/infineon_libraries/iLLD/TC26B/Tricore/Psi5/Psi5/IfxPsi5_Psi5.c"
astc -Og -Os --no-warnings= --error-limit=42 -o  "libraries/infineon_libraries/iLLD/TC26B/Tricore/Psi5/Std/IfxPsi5.o" "libraries/infineon_libraries/iLLD/TC26B/Tricore/Psi5/Std/IfxPsi5.src"
cctc -cs --dep-file="IfxPort.d" --misrac-version=2004 -D__CPU__=tc26xb "-fD:/Infineon/E07_04_wifi_uart_tcp_client_demo/Debug/TASKING_C_C___Compiler-Include_paths__-I_.opt" --iso=99 --c++14 --language=+volatile --exceptions --anachronisms --fp-model=3 -O0 --tradeoff=4 --compact-max-size=200 -g -Wc-w544 -Wc-w557 -Ctc26xb -Y0 -N0 -Z0 -o "libraries/infineon_libraries/iLLD/TC26B/Tricore/Port/Std/IfxPort.src" "../libraries/infineon_libraries/iLLD/TC26B/Tricore/Port/Std/IfxPort.c"
cctc -cs --dep-file="IfxPort_Io.d" --misrac-version=2004 -D__CPU__=tc26xb "-fD:/Infineon/E07_04_wifi_uart_tcp_client_demo/Debug/TASKING_C_C___Compiler-Include_paths__-I_.opt" --iso=99 --c++14 --language=+volatile --exceptions --anachronisms --fp-model=3 -O0 --tradeoff=4 --compact-max-size=200 -g -Wc-w544 -Wc-w557 -Ctc26xb -Y0 -N0 -Z0 -o "libraries/infineon_libraries/iLLD/TC26B/Tricore/Port/Io/IfxPort_Io.src" "../libraries/infineon_libraries/iLLD/TC26B/Tricore/Port/Io/IfxPort_Io.c"
astc -Og -Os --no-warnings= --error-limit=42 -o  "libraries/infineon_libraries/iLLD/TC26B/Tricore/Psi5/Psi5/IfxPsi5_Psi5.o" "libraries/infineon_libraries/iLLD/TC26B/Tricore/Psi5/Psi5/IfxPsi5_Psi5.src"
astc -Og -Os --no-warnings= --error-limit=42 -o  "libraries/infineon_libraries/iLLD/TC26B/Tricore/Port/Std/IfxPort.o" "libraries/infineon_libraries/iLLD/TC26B/Tricore/Port/Std/IfxPort.src"
astc -Og -Os --no-warnings= --error-limit=42 -o  "libraries/infineon_libraries/iLLD/TC26B/Tricore/Port/Io/IfxPort_Io.o" "libraries/infineon_libraries/iLLD/TC26B/Tricore/Port/Io/IfxPort_Io.src"
cctc -cs --dep-file="IfxMultican.d" --misrac-version=2004 -D__CPU__=tc26xb "-fD:/Infineon/E07_04_wifi_uart_tcp_client_demo/Debug/TASKING_C_C___Compiler-Include_paths__-I_.opt" --iso=99 --c++14 --language=+volatile --exceptions --anachronisms --fp-model=3 -O0 --tradeoff=4 --compact-max-size=200 -g -Wc-w544 -Wc-w557 -Ctc26xb -Y0 -N0 -Z0 -o "libraries/infineon_libraries/iLLD/TC26B/Tricore/Multican/Std/IfxMultican.src" "../libraries/infineon_libraries/iLLD/TC26B/Tricore/Multican/Std/IfxMultican.c"
cctc -cs --dep-file="IfxMultican_Can.d" --misrac-version=2004 -D__CPU__=tc26xb "-fD:/Infineon/E07_04_wifi_uart_tcp_client_demo/Debug/TASKING_C_C___Compiler-Include_paths__-I_.opt" --iso=99 --c++14 --language=+volatile --exceptions --anachronisms --fp-model=3 -O0 --tradeoff=4 --compact-max-size=200 -g -Wc-w544 -Wc-w557 -Ctc26xb -Y0 -N0 -Z0 -o "libraries/infineon_libraries/iLLD/TC26B/Tricore/Multican/Can/IfxMultican_Can.src" "../libraries/infineon_libraries/iLLD/TC26B/Tricore/Multican/Can/IfxMultican_Can.c"
cctc -cs --dep-file="IfxMtu.d" --misrac-version=2004 -D__CPU__=tc26xb "-fD:/Infineon/E07_04_wifi_uart_tcp_client_demo/Debug/TASKING_C_C___Compiler-Include_paths__-I_.opt" --iso=99 --c++14 --language=+volatile --exceptions --anachronisms --fp-model=3 -O0 --tradeoff=4 --compact-max-size=200 -g -Wc-w544 -Wc-w557 -Ctc26xb -Y0 -N0 -Z0 -o "libraries/infineon_libraries/iLLD/TC26B/Tricore/Mtu/Std/IfxMtu.src" "../libraries/infineon_libraries/iLLD/TC26B/Tricore/Mtu/Std/IfxMtu.c"
cctc -cs --dep-file="IfxMsc.d" --misrac-version=2004 -D__CPU__=tc26xb "-fD:/Infineon/E07_04_wifi_uart_tcp_client_demo/Debug/TASKING_C_C___Compiler-Include_paths__-I_.opt" --iso=99 --c++14 --language=+volatile --exceptions --anachronisms --fp-model=3 -O0 --tradeoff=4 --compact-max-size=200 -g -Wc-w544 -Wc-w557 -Ctc26xb -Y0 -N0 -Z0 -o "libraries/infineon_libraries/iLLD/TC26B/Tricore/Msc/Std/IfxMsc.src" "../libraries/infineon_libraries/iLLD/TC26B/Tricore/Msc/Std/IfxMsc.c"
astc -Og -Os --no-warnings= --error-limit=42 -o  "libraries/infineon_libraries/iLLD/TC26B/Tricore/Multican/Std/IfxMultican.o" "libraries/infineon_libraries/iLLD/TC26B/Tricore/Multican/Std/IfxMultican.src"
astc -Og -Os --no-warnings= --error-limit=42 -o  "libraries/infineon_libraries/iLLD/TC26B/Tricore/Multican/Can/IfxMultican_Can.o" "libraries/infineon_libraries/iLLD/TC26B/Tricore/Multican/Can/IfxMultican_Can.src"
astc -Og -Os --no-warnings= --error-limit=42 -o  "libraries/infineon_libraries/iLLD/TC26B/Tricore/Mtu/Std/IfxMtu.o" "libraries/infineon_libraries/iLLD/TC26B/Tricore/Mtu/Std/IfxMtu.src"
astc -Og -Os --no-warnings= --error-limit=42 -o  "libraries/infineon_libraries/iLLD/TC26B/Tricore/Msc/Std/IfxMsc.o" "libraries/infineon_libraries/iLLD/TC26B/Tricore/Msc/Std/IfxMsc.src"
cctc -cs --dep-file="IfxMsc_Msc.d" --misrac-version=2004 -D__CPU__=tc26xb "-fD:/Infineon/E07_04_wifi_uart_tcp_client_demo/Debug/TASKING_C_C___Compiler-Include_paths__-I_.opt" --iso=99 --c++14 --language=+volatile --exceptions --anachronisms --fp-model=3 -O0 --tradeoff=4 --compact-max-size=200 -g -Wc-w544 -Wc-w557 -Ctc26xb -Y0 -N0 -Z0 -o "libraries/infineon_libraries/iLLD/TC26B/Tricore/Msc/Msc/IfxMsc_Msc.src" "../libraries/infineon_libraries/iLLD/TC26B/Tricore/Msc/Msc/IfxMsc_Msc.c"
cctc -cs --dep-file="IfxIom.d" --misrac-version=2004 -D__CPU__=tc26xb "-fD:/Infineon/E07_04_wifi_uart_tcp_client_demo/Debug/TASKING_C_C___Compiler-Include_paths__-I_.opt" --iso=99 --c++14 --language=+volatile --exceptions --anachronisms --fp-model=3 -O0 --tradeoff=4 --compact-max-size=200 -g -Wc-w544 -Wc-w557 -Ctc26xb -Y0 -N0 -Z0 -o "libraries/infineon_libraries/iLLD/TC26B/Tricore/Iom/Std/IfxIom.src" "../libraries/infineon_libraries/iLLD/TC26B/Tricore/Iom/Std/IfxIom.c"
cctc -cs --dep-file="IfxIom_Driver.d" --misrac-version=2004 -D__CPU__=tc26xb "-fD:/Infineon/E07_04_wifi_uart_tcp_client_demo/Debug/TASKING_C_C___Compiler-Include_paths__-I_.opt" --iso=99 --c++14 --language=+volatile --exceptions --anachronisms --fp-model=3 -O0 --tradeoff=4 --compact-max-size=200 -g -Wc-w544 -Wc-w557 -Ctc26xb -Y0 -N0 -Z0 -o "libraries/infineon_libraries/iLLD/TC26B/Tricore/Iom/Driver/IfxIom_Driver.src" "../libraries/infineon_libraries/iLLD/TC26B/Tricore/Iom/Driver/IfxIom_Driver.c"
cctc -cs --dep-file="IfxI2c.d" --misrac-version=2004 -D__CPU__=tc26xb "-fD:/Infineon/E07_04_wifi_uart_tcp_client_demo/Debug/TASKING_C_C___Compiler-Include_paths__-I_.opt" --iso=99 --c++14 --language=+volatile --exceptions --anachronisms --fp-model=3 -O0 --tradeoff=4 --compact-max-size=200 -g -Wc-w544 -Wc-w557 -Ctc26xb -Y0 -N0 -Z0 -o "libraries/infineon_libraries/iLLD/TC26B/Tricore/I2c/Std/IfxI2c.src" "../libraries/infineon_libraries/iLLD/TC26B/Tricore/I2c/Std/IfxI2c.c"
astc -Og -Os --no-warnings= --error-limit=42 -o  "libraries/infineon_libraries/iLLD/TC26B/Tricore/Msc/Msc/IfxMsc_Msc.o" "libraries/infineon_libraries/iLLD/TC26B/Tricore/Msc/Msc/IfxMsc_Msc.src"
astc -Og -Os --no-warnings= --error-limit=42 -o  "libraries/infineon_libraries/iLLD/TC26B/Tricore/Iom/Std/IfxIom.o" "libraries/infineon_libraries/iLLD/TC26B/Tricore/Iom/Std/IfxIom.src"
astc -Og -Os --no-warnings= --error-limit=42 -o  "libraries/infineon_libraries/iLLD/TC26B/Tricore/Iom/Driver/IfxIom_Driver.o" "libraries/infineon_libraries/iLLD/TC26B/Tricore/Iom/Driver/IfxIom_Driver.src"
astc -Og -Os --no-warnings= --error-limit=42 -o  "libraries/infineon_libraries/iLLD/TC26B/Tricore/I2c/Std/IfxI2c.o" "libraries/infineon_libraries/iLLD/TC26B/Tricore/I2c/Std/IfxI2c.src"
cctc -cs --dep-file="IfxI2c_I2c.d" --misrac-version=2004 -D__CPU__=tc26xb "-fD:/Infineon/E07_04_wifi_uart_tcp_client_demo/Debug/TASKING_C_C___Compiler-Include_paths__-I_.opt" --iso=99 --c++14 --language=+volatile --exceptions --anachronisms --fp-model=3 -O0 --tradeoff=4 --compact-max-size=200 -g -Wc-w544 -Wc-w557 -Ctc26xb -Y0 -N0 -Z0 -o "libraries/infineon_libraries/iLLD/TC26B/Tricore/I2c/I2c/IfxI2c_I2c.src" "../libraries/infineon_libraries/iLLD/TC26B/Tricore/I2c/I2c/IfxI2c_I2c.c"
cctc -cs --dep-file="IfxHssl.d" --misrac-version=2004 -D__CPU__=tc26xb "-fD:/Infineon/E07_04_wifi_uart_tcp_client_demo/Debug/TASKING_C_C___Compiler-Include_paths__-I_.opt" --iso=99 --c++14 --language=+volatile --exceptions --anachronisms --fp-model=3 -O0 --tradeoff=4 --compact-max-size=200 -g -Wc-w544 -Wc-w557 -Ctc26xb -Y0 -N0 -Z0 -o "libraries/infineon_libraries/iLLD/TC26B/Tricore/Hssl/Std/IfxHssl.src" "../libraries/infineon_libraries/iLLD/TC26B/Tricore/Hssl/Std/IfxHssl.c"
cctc -cs --dep-file="IfxHssl_Hssl.d" --misrac-version=2004 -D__CPU__=tc26xb "-fD:/Infineon/E07_04_wifi_uart_tcp_client_demo/Debug/TASKING_C_C___Compiler-Include_paths__-I_.opt" --iso=99 --c++14 --language=+volatile --exceptions --anachronisms --fp-model=3 -O0 --tradeoff=4 --compact-max-size=200 -g -Wc-w544 -Wc-w557 -Ctc26xb -Y0 -N0 -Z0 -o "libraries/infineon_libraries/iLLD/TC26B/Tricore/Hssl/Hssl/IfxHssl_Hssl.src" "../libraries/infineon_libraries/iLLD/TC26B/Tricore/Hssl/Hssl/IfxHssl_Hssl.c"
astc -Og -Os --no-warnings= --error-limit=42 -o  "libraries/infineon_libraries/iLLD/TC26B/Tricore/I2c/I2c/IfxI2c_I2c.o" "libraries/infineon_libraries/iLLD/TC26B/Tricore/I2c/I2c/IfxI2c_I2c.src"
astc -Og -Os --no-warnings= --error-limit=42 -o  "libraries/infineon_libraries/iLLD/TC26B/Tricore/Hssl/Std/IfxHssl.o" "libraries/infineon_libraries/iLLD/TC26B/Tricore/Hssl/Std/IfxHssl.src"
astc -Og -Os --no-warnings= --error-limit=42 -o  "libraries/infineon_libraries/iLLD/TC26B/Tricore/Hssl/Hssl/IfxHssl_Hssl.o" "libraries/infineon_libraries/iLLD/TC26B/Tricore/Hssl/Hssl/IfxHssl_Hssl.src"
cctc -cs --dep-file="IfxGtm_Trig.d" --misrac-version=2004 -D__CPU__=tc26xb "-fD:/Infineon/E07_04_wifi_uart_tcp_client_demo/Debug/TASKING_C_C___Compiler-Include_paths__-I_.opt" --iso=99 --c++14 --language=+volatile --exceptions --anachronisms --fp-model=3 -O0 --tradeoff=4 --compact-max-size=200 -g -Wc-w544 -Wc-w557 -Ctc26xb -Y0 -N0 -Z0 -o "libraries/infineon_libraries/iLLD/TC26B/Tricore/Gtm/Trig/IfxGtm_Trig.src" "../libraries/infineon_libraries/iLLD/TC26B/Tricore/Gtm/Trig/IfxGtm_Trig.c"
cctc -cs --dep-file="IfxGtm_Tom_Timer.d" --misrac-version=2004 -D__CPU__=tc26xb "-fD:/Infineon/E07_04_wifi_uart_tcp_client_demo/Debug/TASKING_C_C___Compiler-Include_paths__-I_.opt" --iso=99 --c++14 --language=+volatile --exceptions --anachronisms --fp-model=3 -O0 --tradeoff=4 --compact-max-size=200 -g -Wc-w544 -Wc-w557 -Ctc26xb -Y0 -N0 -Z0 -o "libraries/infineon_libraries/iLLD/TC26B/Tricore/Gtm/Tom/Timer/IfxGtm_Tom_Timer.src" "../libraries/infineon_libraries/iLLD/TC26B/Tricore/Gtm/Tom/Timer/IfxGtm_Tom_Timer.c"
cctc -cs --dep-file="IfxGtm_Tom_PwmHl.d" --misrac-version=2004 -D__CPU__=tc26xb "-fD:/Infineon/E07_04_wifi_uart_tcp_client_demo/Debug/TASKING_C_C___Compiler-Include_paths__-I_.opt" --iso=99 --c++14 --language=+volatile --exceptions --anachronisms --fp-model=3 -O0 --tradeoff=4 --compact-max-size=200 -g -Wc-w544 -Wc-w557 -Ctc26xb -Y0 -N0 -Z0 -o "libraries/infineon_libraries/iLLD/TC26B/Tricore/Gtm/Tom/PwmHl/IfxGtm_Tom_PwmHl.src" "../libraries/infineon_libraries/iLLD/TC26B/Tricore/Gtm/Tom/PwmHl/IfxGtm_Tom_PwmHl.c"
astc -Og -Os --no-warnings= --error-limit=42 -o  "libraries/infineon_libraries/iLLD/TC26B/Tricore/Gtm/Trig/IfxGtm_Trig.o" "libraries/infineon_libraries/iLLD/TC26B/Tricore/Gtm/Trig/IfxGtm_Trig.src"
cctc -cs --dep-file="IfxGtm_Tom_Pwm.d" --misrac-version=2004 -D__CPU__=tc26xb "-fD:/Infineon/E07_04_wifi_uart_tcp_client_demo/Debug/TASKING_C_C___Compiler-Include_paths__-I_.opt" --iso=99 --c++14 --language=+volatile --exceptions --anachronisms --fp-model=3 -O0 --tradeoff=4 --compact-max-size=200 -g -Wc-w544 -Wc-w557 -Ctc26xb -Y0 -N0 -Z0 -o "libraries/infineon_libraries/iLLD/TC26B/Tricore/Gtm/Tom/Pwm/IfxGtm_Tom_Pwm.src" "../libraries/infineon_libraries/iLLD/TC26B/Tricore/Gtm/Tom/Pwm/IfxGtm_Tom_Pwm.c"
astc -Og -Os --no-warnings= --error-limit=42 -o  "libraries/infineon_libraries/iLLD/TC26B/Tricore/Gtm/Tom/Timer/IfxGtm_Tom_Timer.o" "libraries/infineon_libraries/iLLD/TC26B/Tricore/Gtm/Tom/Timer/IfxGtm_Tom_Timer.src"
astc -Og -Os --no-warnings= --error-limit=42 -o  "libraries/infineon_libraries/iLLD/TC26B/Tricore/Gtm/Tom/PwmHl/IfxGtm_Tom_PwmHl.o" "libraries/infineon_libraries/iLLD/TC26B/Tricore/Gtm/Tom/PwmHl/IfxGtm_Tom_PwmHl.src"
cctc -cs --dep-file="IfxGtm_Tim_In.d" --misrac-version=2004 -D__CPU__=tc26xb "-fD:/Infineon/E07_04_wifi_uart_tcp_client_demo/Debug/TASKING_C_C___Compiler-Include_paths__-I_.opt" --iso=99 --c++14 --language=+volatile --exceptions --anachronisms --fp-model=3 -O0 --tradeoff=4 --compact-max-size=200 -g -Wc-w544 -Wc-w557 -Ctc26xb -Y0 -N0 -Z0 -o "libraries/infineon_libraries/iLLD/TC26B/Tricore/Gtm/Tim/In/IfxGtm_Tim_In.src" "../libraries/infineon_libraries/iLLD/TC26B/Tricore/Gtm/Tim/In/IfxGtm_Tim_In.c"
astc -Og -Os --no-warnings= --error-limit=42 -o  "libraries/infineon_libraries/iLLD/TC26B/Tricore/Gtm/Tom/Pwm/IfxGtm_Tom_Pwm.o" "libraries/infineon_libraries/iLLD/TC26B/Tricore/Gtm/Tom/Pwm/IfxGtm_Tom_Pwm.src"
cctc -cs --dep-file="IfxGtm.d" --misrac-version=2004 -D__CPU__=tc26xb "-fD:/Infineon/E07_04_wifi_uart_tcp_client_demo/Debug/TASKING_C_C___Compiler-Include_paths__-I_.opt" --iso=99 --c++14 --language=+volatile --exceptions --anachronisms --fp-model=3 -O0 --tradeoff=4 --compact-max-size=200 -g -Wc-w544 -Wc-w557 -Ctc26xb -Y0 -N0 -Z0 -o "libraries/infineon_libraries/iLLD/TC26B/Tricore/Gtm/Std/IfxGtm.src" "../libraries/infineon_libraries/iLLD/TC26B/Tricore/Gtm/Std/IfxGtm.c"
cctc -cs --dep-file="IfxGtm_Atom.d" --misrac-version=2004 -D__CPU__=tc26xb "-fD:/Infineon/E07_04_wifi_uart_tcp_client_demo/Debug/TASKING_C_C___Compiler-Include_paths__-I_.opt" --iso=99 --c++14 --language=+volatile --exceptions --anachronisms --fp-model=3 -O0 --tradeoff=4 --compact-max-size=200 -g -Wc-w544 -Wc-w557 -Ctc26xb -Y0 -N0 -Z0 -o "libraries/infineon_libraries/iLLD/TC26B/Tricore/Gtm/Std/IfxGtm_Atom.src" "../libraries/infineon_libraries/iLLD/TC26B/Tricore/Gtm/Std/IfxGtm_Atom.c"
astc -Og -Os --no-warnings= --error-limit=42 -o  "libraries/infineon_libraries/iLLD/TC26B/Tricore/Gtm/Tim/In/IfxGtm_Tim_In.o" "libraries/infineon_libraries/iLLD/TC26B/Tricore/Gtm/Tim/In/IfxGtm_Tim_In.src"
astc -Og -Os --no-warnings= --error-limit=42 -o  "libraries/infineon_libraries/iLLD/TC26B/Tricore/Gtm/Std/IfxGtm.o" "libraries/infineon_libraries/iLLD/TC26B/Tricore/Gtm/Std/IfxGtm.src"
cctc -cs --dep-file="IfxGtm_Cmu.d" --misrac-version=2004 -D__CPU__=tc26xb "-fD:/Infineon/E07_04_wifi_uart_tcp_client_demo/Debug/TASKING_C_C___Compiler-Include_paths__-I_.opt" --iso=99 --c++14 --language=+volatile --exceptions --anachronisms --fp-model=3 -O0 --tradeoff=4 --compact-max-size=200 -g -Wc-w544 -Wc-w557 -Ctc26xb -Y0 -N0 -Z0 -o "libraries/infineon_libraries/iLLD/TC26B/Tricore/Gtm/Std/IfxGtm_Cmu.src" "../libraries/infineon_libraries/iLLD/TC26B/Tricore/Gtm/Std/IfxGtm_Cmu.c"
astc -Og -Os --no-warnings= --error-limit=42 -o  "libraries/infineon_libraries/iLLD/TC26B/Tricore/Gtm/Std/IfxGtm_Atom.o" "libraries/infineon_libraries/iLLD/TC26B/Tricore/Gtm/Std/IfxGtm_Atom.src"
cctc -cs --dep-file="IfxGtm_Dpll.d" --misrac-version=2004 -D__CPU__=tc26xb "-fD:/Infineon/E07_04_wifi_uart_tcp_client_demo/Debug/TASKING_C_C___Compiler-Include_paths__-I_.opt" --iso=99 --c++14 --language=+volatile --exceptions --anachronisms --fp-model=3 -O0 --tradeoff=4 --compact-max-size=200 -g -Wc-w544 -Wc-w557 -Ctc26xb -Y0 -N0 -Z0 -o "libraries/infineon_libraries/iLLD/TC26B/Tricore/Gtm/Std/IfxGtm_Dpll.src" "../libraries/infineon_libraries/iLLD/TC26B/Tricore/Gtm/Std/IfxGtm_Dpll.c"
cctc -cs --dep-file="IfxGtm_Tbu.d" --misrac-version=2004 -D__CPU__=tc26xb "-fD:/Infineon/E07_04_wifi_uart_tcp_client_demo/Debug/TASKING_C_C___Compiler-Include_paths__-I_.opt" --iso=99 --c++14 --language=+volatile --exceptions --anachronisms --fp-model=3 -O0 --tradeoff=4 --compact-max-size=200 -g -Wc-w544 -Wc-w557 -Ctc26xb -Y0 -N0 -Z0 -o "libraries/infineon_libraries/iLLD/TC26B/Tricore/Gtm/Std/IfxGtm_Tbu.src" "../libraries/infineon_libraries/iLLD/TC26B/Tricore/Gtm/Std/IfxGtm_Tbu.c"
astc -Og -Os --no-warnings= --error-limit=42 -o  "libraries/infineon_libraries/iLLD/TC26B/Tricore/Gtm/Std/IfxGtm_Cmu.o" "libraries/infineon_libraries/iLLD/TC26B/Tricore/Gtm/Std/IfxGtm_Cmu.src"
astc -Og -Os --no-warnings= --error-limit=42 -o  "libraries/infineon_libraries/iLLD/TC26B/Tricore/Gtm/Std/IfxGtm_Dpll.o" "libraries/infineon_libraries/iLLD/TC26B/Tricore/Gtm/Std/IfxGtm_Dpll.src"
astc -Og -Os --no-warnings= --error-limit=42 -o  "libraries/infineon_libraries/iLLD/TC26B/Tricore/Gtm/Std/IfxGtm_Tbu.o" "libraries/infineon_libraries/iLLD/TC26B/Tricore/Gtm/Std/IfxGtm_Tbu.src"
cctc -cs --dep-file="IfxGtm_Tim.d" --misrac-version=2004 -D__CPU__=tc26xb "-fD:/Infineon/E07_04_wifi_uart_tcp_client_demo/Debug/TASKING_C_C___Compiler-Include_paths__-I_.opt" --iso=99 --c++14 --language=+volatile --exceptions --anachronisms --fp-model=3 -O0 --tradeoff=4 --compact-max-size=200 -g -Wc-w544 -Wc-w557 -Ctc26xb -Y0 -N0 -Z0 -o "libraries/infineon_libraries/iLLD/TC26B/Tricore/Gtm/Std/IfxGtm_Tim.src" "../libraries/infineon_libraries/iLLD/TC26B/Tricore/Gtm/Std/IfxGtm_Tim.c"
cctc -cs --dep-file="IfxGtm_Tom.d" --misrac-version=2004 -D__CPU__=tc26xb "-fD:/Infineon/E07_04_wifi_uart_tcp_client_demo/Debug/TASKING_C_C___Compiler-Include_paths__-I_.opt" --iso=99 --c++14 --language=+volatile --exceptions --anachronisms --fp-model=3 -O0 --tradeoff=4 --compact-max-size=200 -g -Wc-w544 -Wc-w557 -Ctc26xb -Y0 -N0 -Z0 -o "libraries/infineon_libraries/iLLD/TC26B/Tricore/Gtm/Std/IfxGtm_Tom.src" "../libraries/infineon_libraries/iLLD/TC26B/Tricore/Gtm/Std/IfxGtm_Tom.c"
cctc -cs --dep-file="IfxGtm_Atom_Timer.d" --misrac-version=2004 -D__CPU__=tc26xb "-fD:/Infineon/E07_04_wifi_uart_tcp_client_demo/Debug/TASKING_C_C___Compiler-Include_paths__-I_.opt" --iso=99 --c++14 --language=+volatile --exceptions --anachronisms --fp-model=3 -O0 --tradeoff=4 --compact-max-size=200 -g -Wc-w544 -Wc-w557 -Ctc26xb -Y0 -N0 -Z0 -o "libraries/infineon_libraries/iLLD/TC26B/Tricore/Gtm/Atom/Timer/IfxGtm_Atom_Timer.src" "../libraries/infineon_libraries/iLLD/TC26B/Tricore/Gtm/Atom/Timer/IfxGtm_Atom_Timer.c"
astc -Og -Os --no-warnings= --error-limit=42 -o  "libraries/infineon_libraries/iLLD/TC26B/Tricore/Gtm/Std/IfxGtm_Tim.o" "libraries/infineon_libraries/iLLD/TC26B/Tricore/Gtm/Std/IfxGtm_Tim.src"
